[14:46:06] [main/INFO]: Environment: authHost='https://authserver.mojang.com', accountsHost='https://api.mojang.com', sessionHost='https://sessionserver.mojang.com', servicesHost='https://api.minecraftservices.com', name='PROD'
[14:46:06] [main/INFO]: Reloading ResourceManager: Default, bukkit
[14:46:07] [Worker-Main-2/INFO]: Loaded 7 recipes
[14:46:08] [Server thread/INFO]: Starting minecraft server version 1.16.5
[14:46:08] [Server thread/INFO]: Loading properties
[14:46:08] [Server thread/INFO]: This server is running Paper version git-Paper-439 (MC: 1.16.5) (Implementing API version 1.16.5-R0.1-SNAPSHOT)
[14:46:08] [Server thread/INFO]: Debug logging is disabled
[14:46:08] [Server thread/INFO]: Server Ping Player Sample Count: 12
[14:46:08] [Server thread/INFO]: Using 4 threads for Netty based IO
[14:46:08] [Server thread/INFO]: Default game type: SURVIVAL
[14:46:08] [Server thread/INFO]: Generating keypair
[14:46:08] [Server thread/INFO]: Starting Minecraft server on *:25560
[14:46:08] [Server thread/INFO]: Using epoll channel type
[14:46:09] [Server thread/WARN]: Initializing Legacy Material Support. Unless you have legacy plugins and/or data this is a bug!
[14:46:13] [Server thread/WARN]: Legacy plugin skript-npc v0.1.2 does not specify an api-version.
[14:46:13] [Server thread/WARN]: Legacy plugin HideNametags v1.3 does not specify an api-version.
[14:46:13] [Server thread/WARN]: Legacy plugin Reqn v1.2.3 does not specify an api-version.
[14:46:13] [Server thread/WARN]: Legacy plugin SkriptJSON v1.0.0 does not specify an api-version.
[14:46:13] [Server thread/WARN]: Legacy plugin ProtectionLib v0.9.9 does not specify an api-version.
[14:46:13] [Server thread/WARN]: Legacy plugin TuSKe v1.8.2-Pikachu-Patch-3 does not specify an api-version.
[14:46:13] [Server thread/INFO]: [skript-npc] Loading skript-npc v0.1.2
[14:46:13] [Server thread/INFO]: [SimpleLay] Loading SimpleLay v1.0.10
[14:46:13] [Server thread/INFO]: [HideNametags] Loading HideNametags v1.3
[14:46:13] [Server thread/INFO]: [ViaVersion] Loading ViaVersion v3.2.1
[14:46:13] [Server thread/INFO]: [ViaVersion] ViaVersion 3.2.1 is now loaded, injecting!
[14:46:13] [Via-Mappingloader-0/INFO]: [ViaVersion] Loading 1.12 -> 1.13 mappings...
[14:46:13] [Via-Mappingloader-1/INFO]: [ViaVersion] Loading 1.13 -> 1.13.2 mappings...
[14:46:13] [Via-Mappingloader-2/INFO]: [ViaVersion] Loading 1.13.2 -> 1.14 mappings...
[14:46:13] [Via-Mappingloader-3/INFO]: [ViaVersion] Loading 1.14 -> 1.15 mappings...
[14:46:13] [Via-Mappingloader-4/INFO]: [ViaVersion] Loading 1.15 -> 1.16 mappings...
[14:46:13] [Via-Mappingloader-0/INFO]: [ViaVersion] Loading block connection mappings ...
[14:46:13] [Via-Mappingloader-1/INFO]: [ViaVersion] Loading 1.16 -> 1.16.2 mappings...
[14:46:13] [Server thread/INFO]: [Vault] Loading Vault v1.7.3-b131
[14:46:13] [Server thread/INFO]: [ViaBackwards] Loading ViaBackwards v3.2.0
[14:46:13] [Server thread/INFO]: [Skript] Loading Skript v2.5.3
[14:46:13] [Server thread/INFO]: [DiSky] Loading DiSky v1.13
[14:46:13] [Server thread/INFO]: [Reqn] Loading Reqn v1.2.3
[14:46:13] [Server thread/INFO]: [SkriptJSON] Loading SkriptJSON v1.0.0
[14:46:13] [Server thread/INFO]: [Multiverse-Core] Loading Multiverse-Core v4.2.2-b812
[14:46:13] [Server thread/INFO]: [ProtocolLib] Loading ProtocolLib v4.6.0-SNAPSHOT-b493
[14:46:14] [Server thread/INFO]: [SkinsRestorer] Loading SkinsRestorer v14.1.1
[14:46:14] [Server thread/INFO]: [Citizens] Loading Citizens v2.0.27-SNAPSHOT (build 2247)
[14:46:14] [Server thread/INFO]: [FastAsyncWorldEdit] Loading FastAsyncWorldEdit v1.16-578;16f72d1
[14:46:15] [Server thread/INFO]: Got request to register class com.sk89q.worldedit.bukkit.BukkitServerInterface with WorldEdit [com.sk89q.worldedit.extension.platform.PlatformManager@1d829be0]
[14:46:15] [Server thread/INFO]: [SkBee] Loading SkBee v1.10.2
[14:46:15] [Server thread/INFO]: [ProtectionLib] Loading ProtectionLib v0.9.9
[14:46:15] [Server thread/INFO]: [skript-reflect] Loading skript-reflect v2.1.0
[14:46:15] [Server thread/INFO]: [skript-yaml] Loading skript-yaml v1.3.2
[14:46:15] [Server thread/INFO]: [MorkazSk] Loading MorkazSk v1.2
[14:46:15] [Server thread/INFO]: [SkQuery] Loading SkQuery v4.1.3
[14:46:15] [Server thread/INFO]: [HolographicDisplays] Loading HolographicDisplays v2.4.6
[14:46:15] [Server thread/INFO]: [skript-holo] Loading skript-holo v1.0.2
[14:46:15] [Server thread/INFO]: [Skellett] Loading Skellett v1.9.11
[14:46:15] [Server thread/INFO]: [TuSKe] Loading TuSKe v1.8.2-Pikachu-Patch-3
[14:46:15] [Server thread/INFO]: Server permissions file permissions.yml is empty, ignoring it
[14:46:15] [Server thread/INFO]: [Vault] Enabling Vault v1.7.3-b131
[14:46:15] [Server thread/INFO]: [Vault] [Permission] SuperPermissions loaded as backup permission system.
[14:46:15] [Server thread/INFO]: [Vault] Enabled Version 1.7.3-b131
[14:46:15] [Server thread/INFO]: [ViaBackwards] Enabling ViaBackwards v3.2.0
[14:46:15] [Server thread/INFO]: [ViaBackwards] Loading translations...
[14:46:15] [Server thread/INFO]: [ViaBackwards] Registering protocols...
[14:46:15] [Via-Mappingloader-0/INFO]: [ViaVersion] Loading 1.13 -> 1.12 mappings...
[14:46:15] [Via-Mappingloader-1/INFO]: [ViaVersion] Loading 1.13.2 -> 1.13 mappings...
[14:46:15] [Via-Mappingloader-1/INFO]: [ViaVersion] Loading 1.14 -> 1.13.2 mappings...
[14:46:15] [Via-Mappingloader-0/INFO]: [ViaVersion] Loading 1.15 -> 1.14 mappings...
[14:46:15] [Via-Mappingloader-0/INFO]: [ViaVersion] Loading 1.16 -> 1.15 mappings...
[14:46:15] [Via-Mappingloader-1/INFO]: [ViaVersion] Loading 1.16.2 -> 1.16 mappings...
[14:46:15] [Server thread/INFO]: [ProtocolLib] Enabling ProtocolLib v4.6.0-SNAPSHOT-b493
[14:46:15] [Server thread/INFO]: [ProtocolLib] Started structure compiler thread.
[14:46:15] [Server thread/INFO]: [FastAsyncWorldEdit] Enabling FastAsyncWorldEdit v1.16-578;16f72d1
[14:46:15] [Server thread/INFO]: WEPIF: Vault detected! Using Vault for permissions
[14:46:16] [Server thread/INFO]: Using com.sk89q.worldedit.bukkit.adapter.impl.FAWE_Spigot_v1_16_R3 as the Bukkit adapter
[14:46:16] [Server thread/INFO]: Ignoring invalid block minecraft:sign
[14:46:16] [Server thread/INFO]: Ignoring invalid block minecraft:wall_sign
[14:46:16] [Server thread/WARN]: **** SERVER IS RUNNING IN OFFLINE/INSECURE MODE!
[14:46:16] [Server thread/WARN]: The server will make no attempt to authenticate usernames. Beware.
[14:46:16] [Server thread/WARN]: While this makes the game possible to play without internet access, it also opens up the ability for hackers to connect with any username they choose.
[14:46:16] [Server thread/WARN]: To change this, set "online-mode" to "true" in the server.properties file.
[14:46:16] [Server thread/INFO]: Preparing level "world"
[14:46:16] [Server thread/INFO]: Registering commands with com.sk89q.worldedit.bukkit.BukkitServerInterface
[14:46:16] [Server thread/INFO]: Preparing start region for dimension minecraft:overworld
[14:46:17] [Server thread/INFO]: Loaded 0 spawn chunks for world world
[14:46:17] [Server thread/INFO]: Preparing spawn area: 0%
[14:46:17] [Server thread/INFO]: Preparing spawn area: 0%
[14:46:17] [Server thread/INFO]: Time elapsed: 957 ms
[14:46:17] [Server thread/INFO]: [skript-npc] Enabling skript-npc v0.1.2*
[14:46:17] [Server thread/INFO]: [skript-npc] skript-npc is warming up...
[14:46:17] [Server thread/INFO]: [skript-npc] Metrics are enabled.
[14:46:17] [Server thread/WARN]: [skript-npc] Loaded class ch.njol.skript.Skript from Skript v2.5.3 which is not a depend, softdepend or loadbefore of this plugin.
[14:46:17] [Server thread/WARN]: [skript-npc] Loaded class net.citizensnpcs.api.event.NPCCreateEvent from Citizens v2.0.27-SNAPSHOT (build 2247) which is not a depend, softdepend or loadbefore of this plugin.
[14:46:17] [Server thread/INFO]: [skript-npc] Loaded all addon classes.
[14:46:17] [Server thread/INFO]: [skript-npc] Finished loading.
[14:46:17] [Server thread/INFO]: [SimpleLay] Enabling SimpleLay v1.0.10
[14:46:17] [Server thread/INFO]: [HideNametags] Enabling HideNametags v1.3*
[14:46:17] [Server thread/INFO]: [ViaVersion] Enabling ViaVersion v3.2.1
[14:46:17] [Server thread/INFO]: [Skript] Enabling Skript v2.5.3
[14:46:18] [ForkJoinPool.commonPool-worker-3/INFO]: [Skript] You're currently running the latest stable version of Skript.
[14:46:22] [Server thread/INFO]: [Skript] Loaded 128188 aliases in 4681ms
[14:46:23] [Server thread/INFO]: [Skript]  ~ created by & © Peter Güttinger aka Njol ~
[14:46:23] [Server thread/INFO]: [DiSky] Enabling DiSky v1.13
[14:46:23] [Server thread/INFO]: DiSky is loading ...
[14:46:23] [Server thread/INFO]: Skript found! Starting registration ...
[14:46:23] [Server thread/INFO]: You're using the JDA version 4.2.1_273
[14:46:23] [Server thread/INFO]: DiSky seems to be loaded correctly!
[14:46:23] [Server thread/INFO]: Join our Discord for new update and support:
[14:46:23] [Server thread/INFO]: https://discord.gg/whWuXwaVwM
[14:46:23] [Server thread/INFO]: [Reqn] Enabling Reqn v1.2.3*
[14:46:23] [Server thread/INFO]: [SkriptJSON] Enabling SkriptJSON v1.0.0*
[14:46:23] [Server thread/INFO]: [Multiverse-Core] Enabling Multiverse-Core v4.2.2-b812
[14:46:23] [Server thread/WARN]: [Multiverse-Core] "Multiverse-Core v4.2.2-b812" has registered a listener for org.bukkit.event.entity.EntityCreatePortalEvent on method "public void com.onarandombox.MultiverseCore.listeners.MVPortalListener.entityPortalCreate(org.bukkit.event.entity.EntityCreatePortalEvent)", but the event is Deprecated. "Server performance will be affected"; please notify the authors [dumptruckman, Rigby, fernferret, lithium3141, main--].
[14:46:23] [Server thread/INFO]: [Multiverse-Core] We are aware of the warning about the deprecated event. There is no alternative that allows us to do what we need to do and performance impact is negligible. It is safe to ignore.
[14:46:23] [Server thread/WARN]: [Multiverse-Core] WorldManager: Can't load this world because the folder was deleted/moved: greenfield
[14:46:23] [Server thread/WARN]: [Multiverse-Core] Use '/mv remove' to remove it from the config!
[14:46:23] [Server thread/INFO]: Preparing start region for dimension minecraft:lobby
[14:46:24] [Server thread/INFO]: Loaded 0 spawn chunks for world lobby
[14:46:24] [Server thread/INFO]: Preparing spawn area: 0%
[14:46:24] [Server thread/INFO]: Time elapsed: 224 ms
[14:46:24] [Server thread/INFO]: Preparing start region for dimension minecraft:tutorials
[14:46:24] [Server thread/INFO]: Loaded 0 spawn chunks for world tutorials
[14:46:24] [Server thread/INFO]: Preparing spawn area: 0%
[14:46:24] [Server thread/INFO]: Preparing spawn area: 0%
[14:46:24] [Server thread/INFO]: Time elapsed: 654 ms
[14:46:24] [Server thread/WARN]: [Multiverse-Core] WorldManager: Can't load this world because the folder was deleted/moved: doom
[14:46:24] [Server thread/WARN]: [Multiverse-Core] Use '/mv remove' to remove it from the config!
[14:46:24] [Server thread/INFO]: Preparing start region for dimension minecraft:trees
[14:46:24] [Server thread/INFO]: Loaded 0 spawn chunks for world trees
[14:46:24] [Server thread/INFO]: Preparing spawn area: 0%
[14:46:24] [Server thread/INFO]: Time elapsed: 53 ms
[14:46:24] [Server thread/INFO]: [Multiverse-Core] 4 - World(s) loaded.
[14:46:25] [Server thread/WARN]: Warning: Nashorn engine is planned to be removed from a future JDK release
[14:46:25] [Server thread/INFO]: [Multiverse-Core] Version 4.2.2-b812 (API v24) Enabled - By dumptruckman, Rigby, fernferret, lithium3141 and main--
[14:46:25] [Server thread/INFO]: [SkinsRestorer] Enabling SkinsRestorer v14.1.1
[14:46:25] [Server thread/INFO]: [SkinsRestorer] Unsupported plugin (ViaVersion or ProtocolSupport) detected, forcing SpigotSkinRefresher
[14:46:25] [Server thread/INFO]: [SkinsRestorer] Using SpigotSkinRefresher
[14:46:25] [Server thread/INFO]: [SkinsRestorer] Detected Minecraft v1_16_R3, using SkinApplierBukkit.
[14:46:25] [Server thread/INFO]: [SkinsRestorer] DisableAutoUpdateSkin is missing in config.yml! Using default value.
[14:46:25] [Server thread/INFO]: [SkinsRestorer] RestrictSkinUrls.Enabled is missing in config.yml! Using default value.
[14:46:25] [Server thread/INFO]: [SkinsRestorer] MineskinAPIKey is missing in config.yml! Using default value.
[14:46:25] [Server thread/INFO]: [SkinsRestorer] [ACF] Enabled Asynchronous Tab Completion Support!
[14:46:26] [Server thread/INFO]: [Citizens] Enabling Citizens v2.0.27-SNAPSHOT (build 2247)
[14:46:26] [Server thread/INFO]: [SkBee] Enabling SkBee v1.10.2
[14:46:26] [Server thread/INFO]: [SkBee] Loading NBTApi...
[14:46:26] [Server thread/INFO]: [SkBee] [NBTAPI] Found Spigot: v1_16_R3! Trying to find NMS support
[14:46:26] [Server thread/INFO]: [SkBee] [NBTAPI] NMS support 'MC1_16_R3' loaded!
[14:46:26] [Server thread/INFO]: [SkBee] [NBTAPI] Found Gson: class com.google.gson.Gson
[14:46:26] [Server thread/INFO]: [SkBee] Successfully loaded NBTApi!
[14:46:26] [Server thread/INFO]: [SkBee] NBT Elements successfully loaded
[14:46:26] [Server thread/INFO]: [SkBee] Recipe Elements successfully loaded
[14:46:26] [Server thread/INFO]: [SkBee] Scoreboard Elements successfully loaded
[14:46:26] [Server thread/INFO]: [SkBee] Bound Elements successfully loaded
[14:46:26] [Server thread/INFO]: [SkBee] Text Component Elements successfully loaded
[14:46:26] [Server thread/INFO]: [SkBee] Pathfinding Elements successfully loaded
[14:46:26] [Server thread/INFO]: [SkBee] Structure Elements successfully loaded
[14:46:26] [Server thread/INFO]: [SkBee] Other Elements successfully loaded
[14:46:26] [Server thread/INFO]: [SkBee] Virtual Furnace Elements disabled via config
[14:46:26] [Server thread/INFO]: [SkBee] World Creator Elements successfully loaded
[14:46:26] [Server thread/INFO]: [SkBee] Successfully enabled v1.10.2 in 0.14 seconds
[14:46:26] [Server thread/INFO]: [SkBee] Loading custom worlds...
[14:46:26] [Server thread/INFO]: [SkBee] Successfully loaded 0 custom world
[14:46:26] [Server thread/INFO]: [ProtectionLib] Enabling ProtectionLib v0.9.9*
[14:46:26] [Server thread/INFO]: [skript-reflect] Enabling skript-reflect v2.1.0
[14:46:26] [Server thread/INFO]: [skript-yaml] Enabling skript-yaml v1.3.2
[14:46:27] [Server thread/INFO]: [MorkazSk] Enabling MorkazSk v1.2
[14:46:27] [Server thread/WARN]: [MorkazSk] Loaded class ch.njol.skript.Skript from Skript v2.5.3 which is not a depend, softdepend or loadbefore of this plugin.
[14:46:27] [Server thread/INFO]: [36;22m[MorkazSk] [35;22mProtocolLib [33;22madditional elements scheduled to load![0m
[14:46:27] [Server thread/INFO]: [36;22m[MorkazSk] [37;22m---------------------------------------------------[0m
[14:46:27] [Server thread/INFO]: [36;22m[MorkazSk] [33;22mAmounts of registered elements:[0m
[14:46:27] [Server thread/INFO]: [36;22m[MorkazSk] [32;22m9 [33;22mEvents and [32;22m25 [33;22mEvent Values[0m
[14:46:27] [Server thread/INFO]: [36;22m[MorkazSk] [32;22m2 [33;22mConditions[0m
[14:46:27] [Server thread/INFO]: [36;22m[MorkazSk] [32;22m12 [33;22mEffects[0m
[14:46:27] [Server thread/INFO]: [36;22m[MorkazSk] [32;22m23 [33;22mExpressions[0m
[14:46:27] [Server thread/INFO]: [36;22m[MorkazSk] [32;22m0 [33;22mTypes[0m
[14:46:27] [Server thread/INFO]: [36;22m[MorkazSk] [37;22m---------------------------------------------------[0m
[14:46:27] [Server thread/INFO]: [36;22m[MorkazSk] [32;22mPlugin enabled![0m
[14:46:27] [Server thread/INFO]: [SkQuery] Enabling SkQuery v4.1.3
[14:46:27] [Server thread/INFO]: [skQuery] Locating classes from SkQuery...
[14:46:27] [Server thread/INFO]: [skQuery] Beginning to process a total of 139 from SkQuery
[14:46:27] [Server thread/INFO]: [skQuery] Out of 139 classes, 137 classes were loaded from SkQuery
[14:46:27] [Server thread/INFO]: [HolographicDisplays] Enabling HolographicDisplays v2.4.6
[14:46:27] [Server thread/INFO]: [HolographicDisplays] Enabled player relative placeholders with ProtocolLib.
[14:46:27] [Server thread/INFO]: [skript-holo] Enabling skript-holo v1.0.2
[14:46:27] [Server thread/INFO]: [skript-holo] Started metrics!
[14:46:27] [Server thread/INFO]: [skript-holo] Finished loading!
[14:46:27] [Server thread/INFO]: [Skellett] Enabling Skellett v1.9.11
[14:46:28] [Server thread/INFO]: [Skellett] Registered 47 Effects, 16 Conditions, 128 Expressions and 25 Events
[14:46:28] [Server thread/INFO]: [Skellett] Has been enabled!
[14:46:28] [Server thread/INFO]: [TuSKe] Enabling TuSKe v1.8.2-Pikachu-Patch-3*
[14:46:28] [Server thread/INFO]: [TuSKe] Enabling Metrics... Done!
[14:46:28] [Server thread/INFO]: [TuSKe] Check for updates enabled. It will check in some seconds.
[14:46:28] [Server thread/INFO]: [TuSKe] Documentation enabled. Some files containing all syntax of all addons will be generated.
[14:46:28] [Server thread/INFO]: [TuSKe] Loaded 8 events, 12 conditions, 20 effects, 62 expressions and 0 types. Have fun!
[14:46:28] [Server thread/INFO]: Running delayed init tasks
[14:46:28] [Craft Scheduler Thread - 1/INFO]: [Vault] Checking for Updates ... 
[14:46:28] [Server thread/INFO]: [ViaVersion] ViaVersion detected server version: 1.16.4(754)
[14:46:28] [Craft Scheduler Thread - 2/INFO]: [SkinsRestorer] ----------------------------------------------
[14:46:28] [Craft Scheduler Thread - 2/INFO]: [SkinsRestorer]     +===============+
[14:46:28] [Craft Scheduler Thread - 2/INFO]: [SkinsRestorer]     | SkinsRestorer |
[14:46:28] [Craft Scheduler Thread - 2/INFO]: [SkinsRestorer]     |---------------|
[14:46:28] [Craft Scheduler Thread - 2/INFO]: [SkinsRestorer]     |  Bukkit only  |
[14:46:28] [Craft Scheduler Thread - 2/INFO]: [SkinsRestorer]     +===============+
[14:46:28] [Craft Scheduler Thread - 2/INFO]: [SkinsRestorer] ----------------------------------------------
[14:46:28] [Craft Scheduler Thread - 2/INFO]: [SkinsRestorer]     Current version: 14.1.1
[14:46:28] [Craft Scheduler Thread - 2/INFO]: [SkinsRestorer]     This is the latest version!
[14:46:28] [Craft Scheduler Thread - 2/INFO]: [SkinsRestorer] ----------------------------------------------
[14:46:28] [Server thread/INFO]: [Skript] Loading variables...
[14:46:28] [Server thread/ERROR]: #!#! 
[14:46:28] [Server thread/ERROR]: #!#! ===!!!=== Skript variable load error ===!!!===
[14:46:28] [Server thread/ERROR]: #!#! Unable to load (all) variables:
[14:46:28] [Server thread/ERROR]: #!#! Cannot create the database file 'variables.db': No such file or directory
[14:46:28] [Server thread/ERROR]: #!#! Cannot create the database file 'heads.csv': No such file or directory
[14:46:28] [Server thread/ERROR]: #!#! 
[14:46:28] [Server thread/ERROR]: #!#! Skript will work properly, but old variables might not be available at all and new ones may or may not be saved until Skript is able to create a backup of the old file and/or is able to connect to the database (which requires a restart of Skript)!
[14:46:28] [Server thread/ERROR]: #!#! 
[14:46:28] [Server thread/INFO]: [Skript] Loaded 1 variables in 0.0 seconds
[14:46:28] [Server thread/WARN]: [Skript] 'API/Items/getItem.sk' is empty
[14:46:29] [Server thread/WARN]: [Skript] Empty configuration section! You might want to indent one or more of the subsequent lines to make them belong to this section or remove the colon at the end of the line if you don't want this line to start a section. (API/ViewActions/DefaultRoom.holograms.sk, line 12: if hologram {_hologram} is deleted:')
[14:46:29] [Server thread/WARN]: [Skript] Empty configuration section! You might want to indent one or more of the subsequent lines to make them belong to this section or remove the colon at the end of the line if you don't want this line to start a section. (API/ViewActions/DefaultRoom.holograms.sk, line 59: if hologram {_hologram} is deleted:')
[14:46:29] [Server thread/WARN]: [Skript] Empty configuration section! You might want to indent one or more of the subsequent lines to make them belong to this section or remove the colon at the end of the line if you don't want this line to start a section. (API/ViewActions/DefaultRoom.holograms.sk, line 108: if hologram {_hologram} is deleted:')
[14:46:29] [Server thread/WARN]: [Skript] Empty configuration section! You might want to indent one or more of the subsequent lines to make them belong to this section or remove the colon at the end of the line if you don't want this line to start a section. (API/ViewActions/Shop.holograms.sk, line 6: if hologram {_hologram} is deleted:')
[14:46:29] [Server thread/WARN]: [Skript] Empty configuration section! You might want to indent one or more of the subsequent lines to make them belong to this section or remove the colon at the end of the line if you don't want this line to start a section. (API/ViewActions/Terminal.holograms.sk, line 6: if hologram {_hologram} is deleted:')
[14:46:29] [Server thread/WARN]: [Skript] Empty configuration section! You might want to indent one or more of the subsequent lines to make them belong to this section or remove the colon at the end of the line if you don't want this line to start a section. (API/ViewActions/World.holograms.sk, line 12: if hologram {_hologram} is deleted:')
[14:46:29] [Server thread/WARN]: [Skript] Empty configuration section! You might want to indent one or more of the subsequent lines to make them belong to this section or remove the colon at the end of the line if you don't want this line to start a section. (API/ViewActions/World.holograms.sk, line 103: if hologram {_hologram} is deleted:')
[14:46:29] [Server thread/WARN]: [Skript] Empty configuration section! You might want to indent one or more of the subsequent lines to make them belong to this section or remove the colon at the end of the line if you don't want this line to start a section. (Content/Flats/RoomEditor.sk, line 62: {_file} and {_node} and {_room::center} is set:')
[14:46:29] [Server thread/WARN]: [Skript] Empty configuration section! You might want to indent one or more of the subsequent lines to make them belong to this section or remove the colon at the end of the line if you don't want this line to start a section. (Content/Flats/ViewAction.holograms.sk, line 6: if hologram {_hologram} is deleted:')
[14:46:29] [Server thread/WARN]: [Skript] Empty configuration section! You might want to indent one or more of the subsequent lines to make them belong to this section or remove the colon at the end of the line if you don't want this line to start a section. (Content/Flats/menus/RoomMenu.sk, line 59: format gui slot {_slot} of {_player} with {_orderKey} to run:')
[14:46:29] [Server thread/WARN]: [Skript] Empty configuration section! You might want to indent one or more of the subsequent lines to make them belong to this section or remove the colon at the end of the line if you don't want this line to start a section. (Content/Flats/menus/RoomMenu.sk, line 69: else:')
[14:46:29] [Server thread/WARN]: [Skript] Empty configuration section! You might want to indent one or more of the subsequent lines to make them belong to this section or remove the colon at the end of the line if you don't want this line to start a section. (Content/Flats/menus/RoomMenu.sk, line 105: format gui slot {_slot} of {_player} with {_cash} to run:')
[14:46:29] [Server thread/WARN]: [Skript] 'Content/Forest/Bushes/prototype.sk' is empty
[14:46:29] [Server thread/WARN]: [Skript] Empty configuration section! You might want to indent one or more of the subsequent lines to make them belong to this section or remove the colon at the end of the line if you don't want this line to start a section. (Content/GPS/index.sk, line 35: {_path::*} doesn't contain loop-value:')
[14:46:29] [Server thread/WARN]: [Skript] Empty configuration section! You might want to indent one or more of the subsequent lines to make them belong to this section or remove the colon at the end of the line if you don't want this line to start a section. (Content/GPS/index.sk, line 45: {_path::*} doesn't contain loop-value:')
[14:46:29] [Server thread/WARN]: [Skript] 'Content/Mass.sk' is empty
[14:46:29] [Server thread/WARN]: [Skript] 'Content/Player/Mechanics/Emotions/API/getEmotionName.sk' is empty
[14:46:29] [Server thread/WARN]: [Skript] Empty configuration section! You might want to indent one or more of the subsequent lines to make them belong to this section or remove the colon at the end of the line if you don't want this line to start a section. (Content/Player/Mechanics/Emotions/List/Global/Hunger.sk, line 35: if {_difference} >= 1 hour:')
[14:46:29] [Server thread/WARN]: [Skript] Empty configuration section! You might want to indent one or more of the subsequent lines to make them belong to this section or remove the colon at the end of the line if you don't want this line to start a section. (Content/Player/Mechanics/Emotions/List/SmallFatigue.sk, line 186: if {_player} doesn't have nausea:')
[14:46:29] [Server thread/WARN]: [Skript] Empty configuration section! You might want to indent one or more of the subsequent lines to make them belong to this section or remove the colon at the end of the line if you don't want this line to start a section. (Content/Player/Mechanics/Emotions/List/SmallFatigue.sk, line 190: if {_player} doesn't have slowness:')
[14:46:29] [Server thread/WARN]: [Skript] Empty configuration section! You might want to indent one or more of the subsequent lines to make them belong to this section or remove the colon at the end of the line if you don't want this line to start a section. (Content/Player/Mechanics/Emotions/List/SmallFatigue.sk, line 194: if {_player} doesn't have slowness:')
[14:46:29] [Server thread/WARN]: [Skript] Empty configuration section! You might want to indent one or more of the subsequent lines to make them belong to this section or remove the colon at the end of the line if you don't want this line to start a section. (Content/Player/Mechanics/Emotions/List/SmallFatigue.sk, line 201: if {_player}'s walking speed isn't 0.1:')
[14:46:29] [Server thread/WARN]: [Skript] Empty configuration section! You might want to indent one or more of the subsequent lines to make them belong to this section or remove the colon at the end of the line if you don't want this line to start a section. (Content/Player/Mechanics/Inventory.sk, line 97: else:')
[14:46:29] [Server thread/WARN]: [Skript] 'Content/Work/PartTime/Holograms.ViewAction.sk' is empty
[14:46:29] [Server thread/WARN]: [Skript] 'DroppedItems/functions/SpawnDroppedItem.function.sk' is empty
[14:46:29] [Server thread/WARN]: [Skript] Empty configuration section! You might want to indent one or more of the subsequent lines to make them belong to this section or remove the colon at the end of the line if you don't want this line to start a section. (Garbage/holograms/Collector.holograms.sk, line 6: if hologram {_hologram} is deleted:')
[14:46:29] [Server thread/WARN]: [Skript] Empty configuration section! You might want to indent one or more of the subsequent lines to make them belong to this section or remove the colon at the end of the line if you don't want this line to start a section. (Mail/holograms/Mail.holograms.sk, line 6: if hologram {_hologram} is deleted:')
[14:46:29] [Server thread/WARN]: [Skript] 'Menu/Test.sk' is empty
[14:46:29] [Server thread/WARN]: [Skript] 'Prototype/Food/Book.sk' is empty
[14:46:29] [Server thread/WARN]: [Skript] 'Weapon/Glock/events/RightClick.event.sk' is empty
[14:46:29] [Server thread/WARN]: [Skript] Empty configuration section! You might want to indent one or more of the subsequent lines to make them belong to this section or remove the colon at the end of the line if you don't want this line to start a section. (Work/PartTime/Heaver/holograms/Heaver.holograms.sk, line 8: if hologram {_hologram} is deleted:')
[14:46:29] [Server thread/WARN]: [Skript] coloured {_item::name} is already a text, so you should not put it in one (e.g. coloured {_item::name} instead of "%coloured {_item::name}%") (API/CustomItems/getItem.sk, line 25: set {_item} to {_item::item} named "%coloured {_item::name}%" with lore coloured {_item::lore::*}')
[14:46:29] [Craft Scheduler Thread - 1/INFO]: [Vault] No new version available
[14:46:39] [Server thread/WARN]: [Skript] List is missing 'and' or 'or', defaulting to 'and': 12,13,14, 21,22,23, 30,31,32 (Content/Characters/Relationships/menus/InteractionMenu.sk, line 8: set {_slots::*} to 12,13,14, 21,22,23, 30,31,32')
[14:46:39] [Server thread/WARN]: [Skript] List is missing 'and' or 'or', defaulting to 'and': 20,21,22,23,24, 29,30,31,32,33 (Content/Characters/Relationships/menus/InteractionMenu.sk, line 73: set {_slots::*} to 20,21,22,23,24, 29,30,31,32,33')
[14:46:41] [Server thread/WARN]: [Skript] Starting a variable's name with an expression is discouraged ({%player%::VisualChat::*}). You could prefix it with the script's name: {Content/Chat.%player%::VisualChat::*} (Content/Chat.sk, line 104: add coloured message to {%player%::VisualChat::*}')
[14:46:41] [Server thread/WARN]: [Skript] Starting a variable's name with an expression is discouraged ({%{_player}%::VisualMessage}). You could prefix it with the script's name: {Content/Chat.%{_player}%::VisualMessage} (Content/Chat.sk, line 133: if {%{_player}%::VisualMessage} is not set:')
[14:46:45] [Server thread/WARN]: [Skript] List is missing 'and' or 'or', defaulting to 'and': 20,21,22,23,24, 29,30,31,32,33 (Content/Documents/index.sk, line 10: set {_slots::*} to 20,21,22,23,24, 29,30,31,32,33')
[14:46:46] [Server thread/WARN]: [Skript] List is missing 'and' or 'or', defaulting to 'and': 21,22,23,30,31,32,39,40,41 (Content/Flats/DefaultFlat/WorkingSpace/CustomItems/Editor.sk, line 28: set {_slots::*} to 21,22,23,30,31,32,39,40,41')
[14:46:46] [Server thread/WARN]: [Skript] List is missing 'and' or 'or', defaulting to 'and': player head, leather helmet, leather chestplate, leather leggings, leather boots (Content/Flats/DefaultFlat/WorkingSpace/CustomItems/Editor.sk, line 118: set {_ids::*} to player head, leather helmet, leather chestplate, leather leggings, leather boots')
[14:46:48] [Server thread/WARN]: [Skript] List is missing 'and' or 'or', defaulting to 'and': 12,13,14, 21,22,23, 30,31,32 (Content/Flats/RoomEditor.sk, line 216: set {_slots::*} to 12,13,14, 21,22,23, 30,31,32')
[14:46:52] [Skript variable save thread/WARN]: [Skript] Cannot write variables to the database 'default' at sufficient speed; server performance may suffer and many variables will be lost if the server crashes. (this warning will be repeated at most once every 10 seconds)
[14:46:52] [Server thread/WARN]: [Skript] List is missing 'and' or 'or', defaulting to 'and': 12,13,14, 21,22,23, 30,31,32 (Content/Flats/menus/RoomMenu.sk, line 38: set {_slots::*} to 12,13,14, 21,22,23, 30,31,32')
[14:46:52] [Server thread/WARN]: [Skript] List is missing 'and' or 'or', defaulting to 'and': 12,13,14, 21,22,23, 30,31,32 (Content/Flats/menus/RoomMenu.sk, line 87: set {_slots::*} to 12,13,14, 21,22,23, 30,31,32')
[14:46:52] [Server thread/WARN]: [Skript] List is missing 'and' or 'or', defaulting to 'and': 11,12,13,14,15, 20,21,22,23,24 (Content/Heads/menus/HeadsMenu.sk, line 19: set {_slots::*} to 11,12,13,14,15, 20,21,22,23,24')
[14:47:01] [Server thread/WARN]: [Skript] List is missing 'and' or 'or', defaulting to 'and': 48,49,50 (Content/Heads/menus/HeadsMenu.sk, line 91: set {_slots::*} to 48,49,50')
[14:47:01] [Server thread/INFO]: [sugar_chips] Загружен предмет (ITEM ID: player head, TITLE: ◆ Сладкие Палочки, ACTION TYPE: click, ACTION FUNCTION: AC_FeedAction)
[14:47:01] [Server thread/INFO]: [natural_chips] Загружен предмет (ITEM ID: player head, TITLE: ◆ Натуральные Чипсы, ACTION TYPE: click, ACTION FUNCTION: AC_FeedAction)
[14:47:01] [Server thread/INFO]: [water] Загружен предмет (ITEM ID: player head, TITLE: ◇ Негазированная Вода (0.5 л), ACTION TYPE: click, ACTION FUNCTION: AC_DrinkAction)
[14:47:01] [Server thread/INFO]: [soda] Загружен предмет (ITEM ID: player head, TITLE: ◆ Сладкая Сода (0.5 л), ACTION TYPE: click, ACTION FUNCTION: AC_FeedAction)
[14:47:01] [Server thread/INFO]: [freezed_burger] Загружен предмет (ITEM ID: player head, TITLE: ◆ Замороженный Бургер, ACTION TYPE: click, ACTION FUNCTION: AC_FeedAction)
[14:47:01] [Server thread/INFO]: [freezed_fries] Загружен предмет (ITEM ID: player head, TITLE: ◆ Замороженная Картошка Фри, ACTION TYPE: click, ACTION FUNCTION: AC_FeedAction)
[14:47:01] [Server thread/INFO]: [sausage_01] Загружен предмет (ITEM ID: player head, TITLE: ◇ Колбаса, ACTION TYPE: click, ACTION FUNCTION: AC_FeedAction)
[14:47:01] [Server thread/INFO]: [sausage_02] Загружен предмет (ITEM ID: player head, TITLE: ◇ Сосиска, ACTION TYPE: click, ACTION FUNCTION: AC_FeedAction)
[14:47:01] [Server thread/INFO]: [chicken_mince] Загружен предмет (ITEM ID: player head, TITLE: ◇ Куриный Фарш (100 гр.), ACTION TYPE: click, ACTION FUNCTION: AC_FeedAction)
[14:47:01] [Server thread/INFO]: [pork_mince] Загружен предмет (ITEM ID: player head, TITLE: ◇ Свинной Фарш (100 гр.), ACTION TYPE: click, ACTION FUNCTION: AC_FeedAction)
[14:47:01] [Server thread/INFO]: [sandwich_01] Загружен предмет (ITEM ID: player head, TITLE: ◆ Бутерброд, ACTION TYPE: click, ACTION FUNCTION: AC_FeedAction)
[14:47:01] [Server thread/INFO]: [milk] Загружен предмет (ITEM ID: player head, TITLE: ◇ Молоко (0.5 л), ACTION TYPE: click, ACTION FUNCTION: AC_DrinkAction)
[14:47:01] [Server thread/INFO]: [yogurt_01] Загружен предмет (ITEM ID: player head, TITLE: ◆ Йогурт (Ванильный), ACTION TYPE: click, ACTION FUNCTION: AC_DrinkAction)
[14:47:01] [Server thread/INFO]: [yogurt_02] Загружен предмет (ITEM ID: player head, TITLE: ◆ Йогурт (Клубничный), ACTION TYPE: click, ACTION FUNCTION: AC_DrinkAction)
[14:47:01] [Server thread/INFO]: [cheese_01] Загружен предмет (ITEM ID: player head, TITLE: ◇ Сыр, ACTION TYPE: click, ACTION FUNCTION: AC_FeedAction)
[14:47:02] [Server thread/INFO]: [tomato] Загружен предмет (ITEM ID: player head, TITLE: ◇ Томат, ACTION TYPE: click, ACTION FUNCTION: AC_FeedAction)
[14:47:02] [Server thread/INFO]: [pepper] Загружен предмет (ITEM ID: player head, TITLE: ◇ Перец Сладкий, ACTION TYPE: click, ACTION FUNCTION: AC_FeedAction)
[14:47:02] [Server thread/INFO]: [onion] Загружен предмет (ITEM ID: player head, TITLE: ◇ Лук, ACTION TYPE: click, ACTION FUNCTION: AC_FeedAction)
[14:47:02] [Server thread/INFO]: [apple] Загружен предмет (ITEM ID: player head, TITLE: ◇ Яблоко, ACTION TYPE: click, ACTION FUNCTION: AC_FeedAction)
[14:47:02] [Server thread/INFO]: [weapon_glock] Загружен предмет (ITEM ID: diamond horse armour, TITLE:  Револьвер (0/6), ACTION TYPE: click, ACTION FUNCTION: WeaponGlockModule_FireWeapon)
[14:47:02] [Server thread/INFO]: [garbage_glass_01] Загружен предмет (ITEM ID: white stained glass pane, TITLE: ▽ Стекло, ACTION TYPE: click, ACTION FUNCTION: AC_FeedAction)
[14:47:02] [Server thread/INFO]: [garbage_soda_01] Загружен предмет (ITEM ID: player head, TITLE: ▽ Банка Соды, ACTION TYPE: click, ACTION FUNCTION: AC_FeedAction)
[14:47:02] [Server thread/INFO]: [garbage_soda_02] Загружен предмет (ITEM ID: player head, TITLE: ▽ Пустой пластиковый стаканчик, ACTION TYPE: click, ACTION FUNCTION: AC_EmptyAction({_player}))
[14:47:02] [Server thread/INFO]: [garbage_paper_01] Загружен предмет (ITEM ID: player head, TITLE: ▽ Искомканная бумага, ACTION TYPE: click, ACTION FUNCTION: AC_EmptyAction({_player}))
[14:47:02] [Server thread/INFO]: [garbage_paper_02] Загружен предмет (ITEM ID: player head, TITLE: ▽ Магазиный пакет, ACTION TYPE: click, ACTION FUNCTION: AC_EmptyAction({_player}))
[14:47:02] [Server thread/INFO]: [garbage_pills_01] Загружен предмет (ITEM ID: player head, TITLE: ◇ Пустая ёмкость для таблеток, ACTION TYPE: click, ACTION FUNCTION: AC_EmptyAction({_player}))
[14:47:02] [Server thread/INFO]: [garbage_money_01] Загружен предмет (ITEM ID: player head, TITLE: Деньги короче, ACTION TYPE: click, ACTION FUNCTION: AC_EmptyAction({_player}))
[14:47:02] [Server thread/INFO]: [bread] Загружен предмет (ITEM ID: player head, TITLE: ◇ Хлеб Обычный, ACTION TYPE: click, ACTION FUNCTION: AC_FeedAction)
[14:47:03] [Server thread/WARN]: [Skript] List is missing 'and' or 'or', defaulting to 'and': 11,12,13,14,15, 20,21,22,23,24 (Content/Marketplace/Shop.sk, line 268: set {_slots::*} to 11,12,13,14,15, 20,21,22,23,24')
[14:47:03] [Server thread/WARN]: [Skript] the name of the open inventory of {_player} is already a text, so you should not put it in one (e.g. the name of the open inventory of {_player} instead of "%the name of the open inventory of {_player}%") (Content/Marketplace/Shop.sk, line 339: if "%name of {_player}'s current inventory%" doesn't contain {_title}:')
[14:47:05] [Server thread/INFO]: [garbage] Kill garbage
[14:47:05] [Server thread/WARN]: [Skript] List is missing 'and' or 'or', defaulting to 'and': 1,5,10,20 (Garbage/functions/ItemCreateFunctions/CreateMoney.function.sk, line 4: set {_bills::*} to 1,5,10,20')
[14:47:06] [Server thread/WARN]: [Skript] List is missing 'and' or 'or', defaulting to 'and': 20,21,22,23,24, 29,30,31,32,33 (Garbage/menus/Collector.menu.sk, line 9: set {_slots::*} to 20,21,22,23,24, 29,30,31,32,33')
[14:47:07] [Server thread/WARN]: [Skript] List is missing 'and' or 'or', defaulting to 'and': 3,4,5 (Menu/GPS/index.sk, line 9: set {_slots::*} to 3,4,5')
[14:47:07] [Server thread/WARN]: [Skript] List is missing 'and' or 'or', defaulting to 'and': 20,21,22,23,24, 29,30,31,32,33 (Menu/HelpMenu.sk, line 10: set {_slots::*} to 20,21,22,23,24, 29,30,31,32,33')
[14:47:07] [Server thread/WARN]: [Skript] List is missing 'and' or 'or', defaulting to 'and': 20,21,22,23,24, 29,30,31,32,33 (Menu/HelpMenu.sk, line 36: set {_slots::*} to 20,21,22,23,24, 29,30,31,32,33')
[14:47:07] [Server thread/WARN]: [Skript] List is missing 'and' or 'or', defaulting to 'and': 12,13,14, 21,22,23, 30,31,32 (Menu/MainMenu.sk, line 10: set {_slots::*} to 12,13,14, 21,22,23, 30,31,32')
[14:47:07] [Server thread/WARN]: [Skript] List is missing 'and' or 'or', defaulting to 'and': 12,13,14, 21,22,23, 30,31,32 (Menu/Player/index.sk, line 9: set {_slots::*} to 12,13,14, 21,22,23, 30,31,32')
[14:47:19] [Server thread/WARN]: [Skript] List is missing 'and' or 'or', defaulting to 'and': 12,13,14 (Work/PartTime/Heaver/menus/HeaverMenu.menu.sk, line 17: set {_slots::*} to 12,13,14')
[14:47:20] [Server thread/WARN]: [Skript] List is missing 'and' or 'or', defaulting to 'and': 12,13,14 (Work/PartTime/Heaver/menus/HeaverMenu.menu.sk, line 74: set {_slots::*} to 12,13,14')
[14:47:22] [Server thread/INFO]: [Skript] All scripts loaded without errors.
[14:47:22] [Server thread/INFO]: [Skript] Loaded 169 scripts with a total of 117 triggers and 25 commands in 53.14 seconds
[14:47:22] [Server thread/INFO]: [Skript] Finished loading.
[14:47:22] [Server thread/WARN]: [SkinsRestorer] Task #1594 for SkinsRestorer v14.1.1 generated an exception
java.lang.NoClassDefFoundError: com/viaversion/viaversion/api/type/Type
	at net.skinsrestorer.bukkit.skinapplier.SpigotSkinRefresher.lambda$new$0(SpigotSkinRefresher.java:79) ~[?:?]
	at org.bukkit.craftbukkit.v1_16_R3.scheduler.CraftTask.run(CraftTask.java:99) ~[patched_1.16.5.jar:git-Paper-439]
	at org.bukkit.craftbukkit.v1_16_R3.scheduler.CraftScheduler.mainThreadHeartbeat(CraftScheduler.java:468) ~[patched_1.16.5.jar:git-Paper-439]
	at net.minecraft.server.v1_16_R3.MinecraftServer.w(MinecraftServer.java:944) ~[patched_1.16.5.jar:git-Paper-439]
	at net.minecraft.server.v1_16_R3.MinecraftServer.lambda$a$0(MinecraftServer.java:173) ~[patched_1.16.5.jar:git-Paper-439]
	at java.lang.Thread.run(Thread.java:829) [?:?]
Caused by: java.lang.ClassNotFoundException: com.viaversion.viaversion.api.type.Type
	at java.net.URLClassLoader.findClass(URLClassLoader.java:471) ~[?:?]
	at org.bukkit.plugin.java.PluginClassLoader.findClass(PluginClassLoader.java:182) ~[patched_1.16.5.jar:git-Paper-439]
	at org.bukkit.plugin.java.PluginClassLoader.findClass(PluginClassLoader.java:111) ~[patched_1.16.5.jar:git-Paper-439]
	at java.lang.ClassLoader.loadClass(ClassLoader.java:589) ~[?:?]
	at java.lang.ClassLoader.loadClass(ClassLoader.java:522) ~[?:?]
	... 6 more
[14:47:22] [Server thread/INFO]: [Citizens] Loaded 5 NPCs.
[14:47:22] [Server thread/INFO]: [ViaVersion] Finished mapping loading, shutting down loader executor!
[14:47:22] [Server thread/WARN]: [ViaVersion] There is a newer version available: 4.0.1, you're on: 3.2.1
[14:47:22] [Server thread/INFO]: [HolographicDisplays] Found a new version available: v2.4.9
[14:47:22] [Server thread/INFO]: [HolographicDisplays] Download it on Bukkit Dev:
[14:47:22] [Server thread/INFO]: [HolographicDisplays] dev.bukkit.org/projects/holographic-displays
[14:47:22] [Server thread/INFO]: Done (74.059s)! For help, type "help"
[14:47:22] [Server thread/WARN]: Can't keep up! Is the server overloaded? Running 53546ms or 1070 ticks behind
[14:47:22] [Server thread/INFO]: Timings Reset
[14:47:22] [Craft Scheduler Thread - 5/INFO]: [TuSKe] Checking for latest update...
[14:47:23] [Craft Scheduler Thread - 5/INFO]: [TuSKe] New update available: v1.8.2
[14:47:23] [Craft Scheduler Thread - 5/INFO]: [TuSKe] Check what's new in: https://github.com/Tuke-Nuke/TuSKe/releases/tag/1.8.2
[14:47:23] [Craft Scheduler Thread - 5/INFO]: [TuSKe] You can download and update it with /tuske update.
[14:47:24] [Craft Scheduler Thread - 6/ERROR]: [SkinsRestorer] Outdated ViaVersion found! Please update to at least ViaVersion 4.0.0 for SkinsRestorer to work again!
[14:47:27] [User Authenticator #1/INFO]: UUID of player Dogleash is f1e8d4d0-54b9-3d56-b5d0-3ae953b8752f
[14:47:27] [Server thread/INFO]: Dogleash[/46.39.86.156:42210] logged in with entity id 142 at ([lobby]-15.0, 4.0, -195.5)
[14:47:27] [Craft Scheduler Thread - 6/INFO]: [TuSKe] Generating documentation of Skript & Addons.
[14:47:27] [Server thread/INFO]: [mailbox] Loaded mailbox at x: 354.5, y: 52.5, z: 687.5
[14:47:27] [Craft Scheduler Thread - 6/INFO]: [TuSKe] Documentation was generated successfully.
[14:47:32] [Server thread/INFO]: [heads] Loading Heads archive into system memory
[14:47:32] [Server thread/INFO]: [heads] Loading heads in category: alphabet
[14:47:32] [Server thread/INFO]: [heads] Loading heads in category: animals
[14:47:32] [Server thread/INFO]: [heads] Loading heads in category: blocks
[14:47:32] [Server thread/INFO]: [heads] Loading heads in category: decoration
[14:47:32] [Server thread/INFO]: [heads] Loading heads in category: food-drinks
[14:47:32] [Server thread/INFO]: [heads] Loading heads in category: humans
[14:47:32] [Server thread/INFO]: [heads] Loading heads in category: humanoid
[14:47:32] [Server thread/INFO]: [heads] Loading heads in category: miscellaneous
[14:47:32] [Server thread/INFO]: [heads] Loading heads in category: monsters
[14:47:32] [Server thread/INFO]: [heads] Loading heads in category: plants
[14:47:32] [Server thread/INFO]: [heads] Parsing heads in category blocks with url https://minecraft-heads.com/scripts/api.php?cat=blocks and size 1281
[14:47:32] [Server thread/INFO]: [heads] Parsing heads in category animals with url https://minecraft-heads.com/scripts/api.php?cat=animals and size 2692
[14:47:32] [Server thread/INFO]: [heads] Parsing heads in category food-drinks with url https://minecraft-heads.com/scripts/api.php?cat=food-drinks and size 1422
[14:47:33] [Server thread/INFO]: [heads] Parsing heads in category alphabet with url https://minecraft-heads.com/scripts/api.php?cat=alphabet and size 5635
[14:47:33] [Craft Scheduler Thread - 6/INFO]: [info.itsthesky.libs.jda.api.JDA] Login Successful!
[14:47:33] [Craft Scheduler Thread - 6/INFO]: [DiSky] The bot named 'AuthBot' seems to be loaded correctly!
[14:47:33] [Server thread/INFO]: [heads] Parsing heads in category decoration with url https://minecraft-heads.com/scripts/api.php?cat=decoration and size 7909
[14:47:33] [Server thread/INFO]: [heads] Parsing heads in category humanoid with url https://minecraft-heads.com/scripts/api.php?cat=humanoid and size 5069
[14:47:33] [JDA MainWS-ReadThread/INFO]: [info.itsthesky.libs.jda.internal.requests.WebSocketClient] Connected to WebSocket
[14:47:33] [Server thread/INFO]: [heads] Parsing heads in category miscellaneous with url https://minecraft-heads.com/scripts/api.php?cat=miscellaneous and size 1927
[14:47:33] [Server thread/INFO]: [heads] Parsing heads in category plants with url https://minecraft-heads.com/scripts/api.php?cat=plants and size 856
[14:47:33] [Server thread/INFO]: [heads] Parsing heads in category humans with url https://minecraft-heads.com/scripts/api.php?cat=humans and size 9005
[14:47:33] [Server thread/INFO]: [heads] Parsing heads in category monsters with url https://minecraft-heads.com/scripts/api.php?cat=monsters and size 2608
[14:47:33] [JDA MainWS-ReadThread/INFO]: [info.itsthesky.libs.jda.api.JDA] Finished Loading!
[14:48:11] [Server thread/WARN]: [Skript] No matching method: SkriptCitizen#getUniqueId called without arguments
[14:48:24] [Craft Scheduler Thread - 9/ERROR]: [SkinsRestorer] Outdated ViaVersion found! Please update to at least ViaVersion 4.0.0 for SkinsRestorer to work again!
[14:48:55] [Server thread/INFO]: Dogleash issued server command: /19
[14:49:06] [Server thread/INFO]: Unknown Command, please type /skin
[14:49:06] [Craft Scheduler Thread - 10/INFO]: You set Dogleash's skin.
[14:49:09] [Craft Scheduler Thread - 13/INFO]: Error: <none> is not a valid username or URL.
[14:49:09] [Server thread/INFO]: Unknown Command, please type /skin
[14:49:22] [Server thread/ERROR]: #!#! 
[14:49:22] [Server thread/ERROR]: #!#! [Skript] Severe Error:
[14:49:22] [Server thread/ERROR]: #!#! 
[14:49:22] [Server thread/ERROR]: #!#! Something went horribly wrong with Skript.
[14:49:22] [Server thread/ERROR]: #!#! This issue is NOT your fault! You probably can't fix it yourself, either.
[14:49:22] [Server thread/ERROR]: #!#! It looks like you are using some plugin(s) that alter how Skript works (addons).
[14:49:22] [Server thread/ERROR]: #!#! Here is full list of them:
[14:49:22] [Server thread/ERROR]: #!#! SkriptJSON v1.0.0 skript-reflect v2.1.0 (https://github.com/TPGamesNL/skript-reflect) TuSKe v1.8.2-Pikachu-Patch-3 (github.com/Tuke-Nuke/TuSKe) DiSky v1.13 (https://disky.itsthesky.info/) skript-holo v1.0.2 (https://github.com/Blueyescat/skript-holo) SkBee v1.10.2 (https://github.com/ShaneBeee/SkBee) skript-yaml v1.3.2 SkQuery v4.1.3 Skellett v1.9.11 (https://forums.skunity.com/resources/skellett.24/) Reqn v1.2.3 
[14:49:22] [Server thread/ERROR]: #!#! We could not identify which of those are specially related, so this might also be Skript issue.
[14:49:22] [Server thread/ERROR]: #!#! You should try disabling those plugins one by one, trying to find which one causes it.
[14:49:22] [Server thread/ERROR]: #!#! If the error doesn't disappear even after disabling all listed plugins, it is probably Skript issue.
[14:49:22] [Server thread/ERROR]: #!#! In that case, you will be given instruction on how should you report it.
[14:49:22] [Server thread/ERROR]: #!#! On the other hand, if the error disappears when disabling some plugin, report it to author of that plugin.
[14:49:22] [Server thread/ERROR]: #!#! Only if the author tells you to do so, report it to Skript's issue tracker.
[14:49:22] [Server thread/ERROR]: #!#! 
[14:49:22] [Server thread/ERROR]: #!#! Stack trace:
[14:49:22] [Server thread/ERROR]: #!#! java.lang.NullPointerException
[14:49:22] [Server thread/ERROR]: #!#!     at me.sashie.skriptyaml.utils.yaml.YAMLProcessor.recursiveCommentSearch(YAMLProcessor.java:225)
[14:49:22] [Server thread/ERROR]: #!#!     at me.sashie.skriptyaml.utils.yaml.YAMLProcessor.recursiveCommentSearch(YAMLProcessor.java:223)
[14:49:22] [Server thread/ERROR]: #!#!     at me.sashie.skriptyaml.utils.yaml.YAMLProcessor.recursiveCommentSearch(YAMLProcessor.java:223)
[14:49:22] [Server thread/ERROR]: #!#!     at me.sashie.skriptyaml.utils.yaml.YAMLProcessor.recursiveCommentSearch(YAMLProcessor.java:223)
[14:49:22] [Server thread/ERROR]: #!#!     at me.sashie.skriptyaml.utils.yaml.YAMLProcessor.load(YAMLProcessor.java:178)
[14:49:22] [Server thread/ERROR]: #!#!     at me.sashie.skriptyaml.skript.EffLoadYaml.load(EffLoadYaml.java:97)
[14:49:22] [Server thread/ERROR]: #!#!     at me.sashie.skriptyaml.skript.EffLoadYaml.execute(EffLoadYaml.java:62)
[14:49:22] [Server thread/ERROR]: #!#!     at ch.njol.skript.lang.Effect.run(Effect.java:51)
[14:49:22] [Server thread/ERROR]: #!#!     at ch.njol.skript.lang.TriggerItem.walk(TriggerItem.java:60)
[14:49:22] [Server thread/ERROR]: #!#!     at ch.njol.skript.lang.TriggerItem.walk(TriggerItem.java:88)
[14:49:22] [Server thread/ERROR]: #!#!     at ch.njol.skript.lang.Trigger.execute(Trigger.java:56)
[14:49:22] [Server thread/ERROR]: #!#!     at ch.njol.skript.lang.function.ScriptFunction.execute(ScriptFunction.java:89)
[14:49:22] [Server thread/ERROR]: #!#!     at ch.njol.skript.lang.function.Function.execute(Function.java:135)
[14:49:22] [Server thread/ERROR]: #!#!     at ch.njol.skript.lang.function.FunctionReference.execute(FunctionReference.java:265)
[14:49:22] [Server thread/ERROR]: #!#!     at ch.njol.skript.lang.function.EffFunctionCall.execute(EffFunctionCall.java:52)
[14:49:22] [Server thread/ERROR]: #!#!     at ch.njol.skript.lang.Effect.run(Effect.java:51)
[14:49:22] [Server thread/ERROR]: #!#!     at ch.njol.skript.lang.TriggerItem.walk(TriggerItem.java:60)
[14:49:22] [Server thread/ERROR]: #!#!     at ch.njol.skript.lang.TriggerItem.walk(TriggerItem.java:88)
[14:49:22] [Server thread/ERROR]: #!#!     at ch.njol.skript.lang.Trigger.execute(Trigger.java:56)
[14:49:22] [Server thread/ERROR]: #!#!     at ch.njol.skript.lang.function.ScriptFunction.execute(ScriptFunction.java:89)
[14:49:22] [Server thread/ERROR]: #!#!     at ch.njol.skript.lang.function.Function.execute(Function.java:135)
[14:49:22] [Server thread/ERROR]: #!#!     at ch.njol.skript.lang.function.FunctionReference.execute(FunctionReference.java:265)
[14:49:22] [Server thread/ERROR]: #!#!     at ch.njol.skript.lang.function.EffFunctionCall.execute(EffFunctionCall.java:52)
[14:49:22] [Server thread/ERROR]: #!#!     at ch.njol.skript.lang.Effect.run(Effect.java:51)
[14:49:22] [Server thread/ERROR]: #!#!     at ch.njol.skript.lang.TriggerItem.walk(TriggerItem.java:60)
[14:49:22] [Server thread/ERROR]: #!#!     at ch.njol.skript.lang.TriggerItem.walk(TriggerItem.java:88)
[14:49:22] [Server thread/ERROR]: #!#!     at ch.njol.skript.effects.Delay$1.run(Delay.java:108)
[14:49:22] [Server thread/ERROR]: #!#!     at org.bukkit.craftbukkit.v1_16_R3.scheduler.CraftTask.run(CraftTask.java:99)
[14:49:22] [Server thread/ERROR]: #!#!     at org.bukkit.craftbukkit.v1_16_R3.scheduler.CraftScheduler.mainThreadHeartbeat(CraftScheduler.java:468)
[14:49:22] [Server thread/ERROR]: #!#!     at net.minecraft.server.v1_16_R3.MinecraftServer.b(MinecraftServer.java:1293)
[14:49:22] [Server thread/ERROR]: #!#!     at net.minecraft.server.v1_16_R3.DedicatedServer.b(DedicatedServer.java:377)
[14:49:22] [Server thread/ERROR]: #!#!     at net.minecraft.server.v1_16_R3.MinecraftServer.a(MinecraftServer.java:1208)
[14:49:22] [Server thread/ERROR]: #!#!     at net.minecraft.server.v1_16_R3.MinecraftServer.w(MinecraftServer.java:996)
[14:49:22] [Server thread/ERROR]: #!#!     at net.minecraft.server.v1_16_R3.MinecraftServer.lambda$a$0(MinecraftServer.java:173)
[14:49:22] [Server thread/ERROR]: #!#!     at java.base/java.lang.Thread.run(Thread.java:829)
[14:49:22] [Server thread/ERROR]: #!#! 
[14:49:22] [Server thread/ERROR]: #!#! Version Information:
[14:49:22] [Server thread/ERROR]: #!#!   Skript: 2.5.3 (latest)
[14:49:22] [Server thread/ERROR]: #!#!     Flavor: skriptlang-github
[14:49:22] [Server thread/ERROR]: #!#!     Date: 2020-12-11
[14:49:22] [Server thread/ERROR]: #!#!   Bukkit: 1.16.5-R0.1-SNAPSHOT
[14:49:22] [Server thread/ERROR]: #!#!   Minecraft: 1.16.5
[14:49:22] [Server thread/ERROR]: #!#!   Java: 11.0.11 (OpenJDK 64-Bit Server VM 11.0.11+9-Ubuntu-0ubuntu2.20.04)
[14:49:22] [Server thread/ERROR]: #!#!   OS: Linux aarch64 5.8.0-1037-oracle
[14:49:22] [Server thread/ERROR]: #!#! 
[14:49:22] [Server thread/ERROR]: #!#! Server platform: Paper
[14:49:22] [Server thread/ERROR]: #!#! 
[14:49:22] [Server thread/ERROR]: #!#! Current node: null
[14:49:22] [Server thread/ERROR]: #!#! Current item: [re]load yaml "/plugins/Terminals/config.yml" as "terminals-config"
[14:49:22] [Server thread/ERROR]: #!#! Current trigger: function loadTerminalViewWorkers (simple event) (Terminal.sk, line -1)
[14:49:22] [Server thread/ERROR]: #!#! 
[14:49:22] [Server thread/ERROR]: #!#! Thread: Server thread
[14:49:22] [Server thread/ERROR]: #!#! 
[14:49:22] [Server thread/ERROR]: #!#! Language: english
[14:49:22] [Server thread/ERROR]: #!#! Link parse mode: STRICT
[14:49:22] [Server thread/ERROR]: #!#! 
[14:49:22] [Server thread/ERROR]: #!#! End of Error.
[14:49:22] [Server thread/ERROR]: #!#! 
[14:49:24] [Craft Scheduler Thread - 13/ERROR]: [SkinsRestorer] Outdated ViaVersion found! Please update to at least ViaVersion 4.0.0 for SkinsRestorer to work again!
[14:49:30] [Server thread/INFO]: Dogleash issued server command: /gamemode spectator
[14:49:30] [Server thread/INFO]: [Dogleash: Set own game mode to Spectator Mode]
[14:49:39] [Server thread/INFO]: Dogleash issued server command: /npc sel
[14:49:42] [Server thread/INFO]: Dogleash issued server command: /npc remove
[14:49:44] [Server thread/INFO]: Dogleash issued server command: /killr
[14:49:44] [Server thread/INFO]: Dogleash [f1e8d4d0-54b9-3d56-b5d0-3ae953b8752f]: /killr
[14:49:58] [User Authenticator #2/INFO]: UUID of player Voyaje is d5c22930-ff45-34b4-8c2d-08a1afd136cc
[14:49:58] [Server thread/INFO]: Voyaje[/37.214.47.195:19436] logged in with entity id 622 at ([lobby]-15.0, 4.0, -195.5)
[14:50:03] [Server thread/INFO]: Dogleash issued server command: /gamemode creative
[14:50:03] [Server thread/INFO]: [Dogleash: Set own game mode to Creative Mode]
[14:50:24] [Craft Scheduler Thread - 18/ERROR]: [SkinsRestorer] Outdated ViaVersion found! Please update to at least ViaVersion 4.0.0 for SkinsRestorer to work again!
[14:50:42] [Server thread/WARN]: [Skript] No matching method: SkriptCitizen#getUniqueId called without arguments
[14:50:56] [Craft Scheduler Thread - 21/INFO]: You set Voyaje's skin.
[14:50:56] [Server thread/INFO]: Unknown Command, please type /skin
[14:50:57] [Craft Scheduler Thread - 21/INFO]: Error: <none> is not a valid username or URL.
[14:50:57] [Server thread/INFO]: Unknown Command, please type /skin
[14:51:10] [Server thread/INFO]: Dogleash issued server command: /startagain 1
[14:51:10] [Server thread/INFO]: Dogleash [f1e8d4d0-54b9-3d56-b5d0-3ae953b8752f]: /startagain 1
[14:51:10] [Server thread/ERROR]: #!#! 
[14:51:10] [Server thread/ERROR]: #!#! [Skript] Severe Error:
[14:51:10] [Server thread/ERROR]: #!#! 
[14:51:10] [Server thread/ERROR]: #!#! Something went horribly wrong with Skript.
[14:51:10] [Server thread/ERROR]: #!#! This issue is NOT your fault! You probably can't fix it yourself, either.
[14:51:10] [Server thread/ERROR]: #!#! It looks like you are using some plugin(s) that alter how Skript works (addons).
[14:51:10] [Server thread/ERROR]: #!#! Here is full list of them:
[14:51:10] [Server thread/ERROR]: #!#! SkriptJSON v1.0.0 skript-reflect v2.1.0 (https://github.com/TPGamesNL/skript-reflect) TuSKe v1.8.2-Pikachu-Patch-3 (github.com/Tuke-Nuke/TuSKe) DiSky v1.13 (https://disky.itsthesky.info/) skript-holo v1.0.2 (https://github.com/Blueyescat/skript-holo) SkBee v1.10.2 (https://github.com/ShaneBeee/SkBee) skript-yaml v1.3.2 SkQuery v4.1.3 Skellett v1.9.11 (https://forums.skunity.com/resources/skellett.24/) Reqn v1.2.3 
[14:51:10] [Server thread/ERROR]: #!#! We could not identify which of those are specially related, so this might also be Skript issue.
[14:51:10] [Server thread/ERROR]: #!#! You should try disabling those plugins one by one, trying to find which one causes it.
[14:51:10] [Server thread/ERROR]: #!#! If the error doesn't disappear even after disabling all listed plugins, it is probably Skript issue.
[14:51:10] [Server thread/ERROR]: #!#! In that case, you will be given instruction on how should you report it.
[14:51:10] [Server thread/ERROR]: #!#! On the other hand, if the error disappears when disabling some plugin, report it to author of that plugin.
[14:51:10] [Server thread/ERROR]: #!#! Only if the author tells you to do so, report it to Skript's issue tracker.
[14:51:10] [Server thread/ERROR]: #!#! 
[14:51:10] [Server thread/ERROR]: #!#! Stack trace:
[14:51:10] [Server thread/ERROR]: #!#! java.lang.NullPointerException
[14:51:10] [Server thread/ERROR]: #!#!     at me.sashie.skriptyaml.utils.yaml.YAMLProcessor.recursiveCommentSearch(YAMLProcessor.java:225)
[14:51:10] [Server thread/ERROR]: #!#!     at me.sashie.skriptyaml.utils.yaml.YAMLProcessor.recursiveCommentSearch(YAMLProcessor.java:223)
[14:51:10] [Server thread/ERROR]: #!#!     at me.sashie.skriptyaml.utils.yaml.YAMLProcessor.recursiveCommentSearch(YAMLProcessor.java:223)
[14:51:10] [Server thread/ERROR]: #!#!     at me.sashie.skriptyaml.utils.yaml.YAMLProcessor.recursiveCommentSearch(YAMLProcessor.java:223)
[14:51:10] [Server thread/ERROR]: #!#!     at me.sashie.skriptyaml.utils.yaml.YAMLProcessor.load(YAMLProcessor.java:178)
[14:51:10] [Server thread/ERROR]: #!#!     at me.sashie.skriptyaml.skript.EffLoadYaml.load(EffLoadYaml.java:97)
[14:51:10] [Server thread/ERROR]: #!#!     at me.sashie.skriptyaml.skript.EffLoadYaml.execute(EffLoadYaml.java:62)
[14:51:10] [Server thread/ERROR]: #!#!     at ch.njol.skript.lang.Effect.run(Effect.java:51)
[14:51:10] [Server thread/ERROR]: #!#!     at ch.njol.skript.lang.TriggerItem.walk(TriggerItem.java:60)
[14:51:10] [Server thread/ERROR]: #!#!     at ch.njol.skript.lang.TriggerItem.walk(TriggerItem.java:88)
[14:51:10] [Server thread/ERROR]: #!#!     at ch.njol.skript.lang.Trigger.execute(Trigger.java:56)
[14:51:10] [Server thread/ERROR]: #!#!     at ch.njol.skript.lang.function.ScriptFunction.execute(ScriptFunction.java:89)
[14:51:10] [Server thread/ERROR]: #!#!     at ch.njol.skript.lang.function.Function.execute(Function.java:135)
[14:51:10] [Server thread/ERROR]: #!#!     at ch.njol.skript.lang.function.FunctionReference.execute(FunctionReference.java:265)
[14:51:10] [Server thread/ERROR]: #!#!     at ch.njol.skript.lang.function.EffFunctionCall.execute(EffFunctionCall.java:52)
[14:51:10] [Server thread/ERROR]: #!#!     at ch.njol.skript.lang.Effect.run(Effect.java:51)
[14:51:10] [Server thread/ERROR]: #!#!     at ch.njol.skript.lang.TriggerItem.walk(TriggerItem.java:60)
[14:51:10] [Server thread/ERROR]: #!#!     at ch.njol.skript.lang.TriggerItem.walk(TriggerItem.java:88)
[14:51:10] [Server thread/ERROR]: #!#!     at ch.njol.skript.lang.Trigger.execute(Trigger.java:56)
[14:51:10] [Server thread/ERROR]: #!#!     at ch.njol.skript.lang.function.ScriptFunction.execute(ScriptFunction.java:89)
[14:51:10] [Server thread/ERROR]: #!#!     at ch.njol.skript.lang.function.Function.execute(Function.java:135)
[14:51:10] [Server thread/ERROR]: #!#!     at ch.njol.skript.lang.function.FunctionReference.execute(FunctionReference.java:265)
[14:51:10] [Server thread/ERROR]: #!#!     at ch.njol.skript.lang.function.EffFunctionCall.execute(EffFunctionCall.java:52)
[14:51:10] [Server thread/ERROR]: #!#!     at ch.njol.skript.lang.Effect.run(Effect.java:51)
[14:51:10] [Server thread/ERROR]: #!#!     at ch.njol.skript.lang.TriggerItem.walk(TriggerItem.java:60)
[14:51:10] [Server thread/ERROR]: #!#!     at ch.njol.skript.lang.TriggerItem.walk(TriggerItem.java:88)
[14:51:10] [Server thread/ERROR]: #!#!     at ch.njol.skript.effects.Delay$1.run(Delay.java:108)
[14:51:10] [Server thread/ERROR]: #!#!     at org.bukkit.craftbukkit.v1_16_R3.scheduler.CraftTask.run(CraftTask.java:99)
[14:51:10] [Server thread/ERROR]: #!#!     at org.bukkit.craftbukkit.v1_16_R3.scheduler.CraftScheduler.mainThreadHeartbeat(CraftScheduler.java:468)
[14:51:10] [Server thread/ERROR]: #!#!     at net.minecraft.server.v1_16_R3.MinecraftServer.b(MinecraftServer.java:1293)
[14:51:10] [Server thread/ERROR]: #!#!     at net.minecraft.server.v1_16_R3.DedicatedServer.b(DedicatedServer.java:377)
[14:51:10] [Server thread/ERROR]: #!#!     at net.minecraft.server.v1_16_R3.MinecraftServer.a(MinecraftServer.java:1208)
[14:51:10] [Server thread/ERROR]: #!#!     at net.minecraft.server.v1_16_R3.MinecraftServer.w(MinecraftServer.java:996)
[14:51:10] [Server thread/ERROR]: #!#!     at net.minecraft.server.v1_16_R3.MinecraftServer.lambda$a$0(MinecraftServer.java:173)
[14:51:10] [Server thread/ERROR]: #!#!     at java.base/java.lang.Thread.run(Thread.java:829)
[14:51:10] [Server thread/ERROR]: #!#! 
[14:51:10] [Server thread/ERROR]: #!#! Version Information:
[14:51:10] [Server thread/ERROR]: #!#!   Skript: 2.5.3 (latest)
[14:51:10] [Server thread/ERROR]: #!#!     Flavor: skriptlang-github
[14:51:10] [Server thread/ERROR]: #!#!     Date: 2020-12-11
[14:51:10] [Server thread/ERROR]: #!#!   Bukkit: 1.16.5-R0.1-SNAPSHOT
[14:51:10] [Server thread/ERROR]: #!#!   Minecraft: 1.16.5
[14:51:10] [Server thread/ERROR]: #!#!   Java: 11.0.11 (OpenJDK 64-Bit Server VM 11.0.11+9-Ubuntu-0ubuntu2.20.04)
[14:51:10] [Server thread/ERROR]: #!#!   OS: Linux aarch64 5.8.0-1037-oracle
[14:51:10] [Server thread/ERROR]: #!#! 
[14:51:10] [Server thread/ERROR]: #!#! Server platform: Paper
[14:51:10] [Server thread/ERROR]: #!#! 
[14:51:10] [Server thread/ERROR]: #!#! Current node: null
[14:51:10] [Server thread/ERROR]: #!#! Current item: [re]load yaml "/plugins/Terminals/config.yml" as "terminals-config"
[14:51:10] [Server thread/ERROR]: #!#! Current trigger: function loadTerminalViewWorkers (simple event) (Terminal.sk, line -1)
[14:51:10] [Server thread/ERROR]: #!#! 
[14:51:10] [Server thread/ERROR]: #!#! Thread: Server thread
[14:51:10] [Server thread/ERROR]: #!#! 
[14:51:10] [Server thread/ERROR]: #!#! Language: english
[14:51:10] [Server thread/ERROR]: #!#! Link parse mode: STRICT
[14:51:10] [Server thread/ERROR]: #!#! 
[14:51:10] [Server thread/ERROR]: #!#! End of Error.
[14:51:10] [Server thread/ERROR]: #!#! 
[14:51:15] [Server thread/WARN]: [Skellett] Loaded class org.json.JSONObject from SkQuery v4.1.3 which is not a depend, softdepend or loadbefore of this plugin.
[14:51:24] [Craft Scheduler Thread - 24/ERROR]: [SkinsRestorer] Outdated ViaVersion found! Please update to at least ViaVersion 4.0.0 for SkinsRestorer to work again!
[14:51:29] [Server thread/INFO]: Voyaje lost connection: Disconnected
[14:51:29] [Server thread/WARN]: [skript-yaml] No yaml by the name 'player-d5c22930-ff45-34b4-8c2d-08a1afd136cc' has been loaded
[14:51:29] [Server thread/WARN]: [skript-yaml] No yaml by the name 'player-d5c22930-ff45-34b4-8c2d-08a1afd136cc' has been loaded
[14:51:31] [User Authenticator #3/INFO]: UUID of player Voyaje is d5c22930-ff45-34b4-8c2d-08a1afd136cc
[14:51:31] [Server thread/INFO]: Voyaje[/37.214.47.195:2530] logged in with entity id 835 at ([lobby]-15.0, 4.0, -195.5)
[14:51:40] [Server thread/INFO]: Voyaje lost connection: Disconnected
[14:51:43] [User Authenticator #3/INFO]: UUID of player Voyaje is d5c22930-ff45-34b4-8c2d-08a1afd136cc
[14:51:43] [Server thread/INFO]: Voyaje[/37.214.47.195:54557] logged in with entity id 836 at ([lobby]-15.0, 4.0, -195.5)
[14:52:24] [Craft Scheduler Thread - 30/ERROR]: [SkinsRestorer] Outdated ViaVersion found! Please update to at least ViaVersion 4.0.0 for SkinsRestorer to work again!
[14:52:27] [Server thread/WARN]: [Skript] No matching method: SkriptCitizen#getUniqueId called without arguments
[14:52:33] [Craft Scheduler Thread - 31/INFO]: You set Voyaje's skin.
[14:52:33] [Server thread/INFO]: Unknown Command, please type /skin
[14:52:34] [Craft Scheduler Thread - 31/INFO]: Error: <none> is not a valid username or URL.
[14:52:34] [Server thread/INFO]: Unknown Command, please type /skin
[14:52:37] [Server thread/INFO]: [Skript] Reloading all scripts in Creator...
[14:52:38] [Server thread/INFO]: [Skript] Successfully reloaded 10 scripts in Creator.
[14:52:54] [Server thread/INFO]: Voyaje lost connection: Disconnected
[14:52:54] [Server thread/WARN]: [skript-yaml] No yaml by the name 'player-d5c22930-ff45-34b4-8c2d-08a1afd136cc' has been loaded
[14:52:54] [Server thread/WARN]: [skript-yaml] No yaml by the name 'player-d5c22930-ff45-34b4-8c2d-08a1afd136cc' has been loaded
[14:52:56] [User Authenticator #4/INFO]: UUID of player Voyaje is d5c22930-ff45-34b4-8c2d-08a1afd136cc
[14:52:56] [Server thread/INFO]: Voyaje[/37.214.47.195:8718] logged in with entity id 991 at ([lobby]-15.0, 4.0, -195.5)
[14:52:58] [Server thread/INFO]: Dogleash lost connection: Disconnected
[14:52:59] [Server thread/WARN]: [skript-yaml] No yaml by the name 'player-f1e8d4d0-54b9-3d56-b5d0-3ae953b8752f' has been loaded
[14:52:59] [Server thread/WARN]: [skript-yaml] No yaml by the name 'player-f1e8d4d0-54b9-3d56-b5d0-3ae953b8752f' has been loaded
[14:52:59] [User Authenticator #4/INFO]: UUID of player Dogleash is f1e8d4d0-54b9-3d56-b5d0-3ae953b8752f
[14:52:59] [Server thread/INFO]: Dogleash[/46.39.86.156:42256] logged in with entity id 992 at ([lobby]-15.0, 4.0, -195.5)
[14:53:24] [Craft Scheduler Thread - 35/ERROR]: [SkinsRestorer] Outdated ViaVersion found! Please update to at least ViaVersion 4.0.0 for SkinsRestorer to work again!
[14:53:40] [Server thread/WARN]: [Skript] No matching method: SkriptCitizen#getUniqueId called without arguments
[14:53:43] [Server thread/WARN]: [Skript] No matching method: SkriptCitizen#getUniqueId called without arguments
[14:53:44] [Craft Scheduler Thread - 38/INFO]: You set Voyaje's skin.
[14:53:44] [Server thread/INFO]: Unknown Command, please type /skin
[14:53:45] [Craft Scheduler Thread - 38/INFO]: Error: <none> is not a valid username or URL.
[14:53:45] [Server thread/INFO]: Unknown Command, please type /skin
[14:53:52] [Craft Scheduler Thread - 38/INFO]: Error: <none> is not a valid username or URL.
[14:53:52] [Server thread/INFO]: Unknown Command, please type /skin
[14:54:07] [Server thread/ERROR]: #!#! 
[14:54:07] [Server thread/ERROR]: #!#! [Skript] Severe Error:
[14:54:07] [Server thread/ERROR]: #!#! 
[14:54:07] [Server thread/ERROR]: #!#! Something went horribly wrong with Skript.
[14:54:07] [Server thread/ERROR]: #!#! This issue is NOT your fault! You probably can't fix it yourself, either.
[14:54:07] [Server thread/ERROR]: #!#! It looks like you are using some plugin(s) that alter how Skript works (addons).
[14:54:07] [Server thread/ERROR]: #!#! Here is full list of them:
[14:54:07] [Server thread/ERROR]: #!#! SkriptJSON v1.0.0 skript-reflect v2.1.0 (https://github.com/TPGamesNL/skript-reflect) TuSKe v1.8.2-Pikachu-Patch-3 (github.com/Tuke-Nuke/TuSKe) DiSky v1.13 (https://disky.itsthesky.info/) skript-holo v1.0.2 (https://github.com/Blueyescat/skript-holo) SkBee v1.10.2 (https://github.com/ShaneBeee/SkBee) skript-yaml v1.3.2 SkQuery v4.1.3 Skellett v1.9.11 (https://forums.skunity.com/resources/skellett.24/) Reqn v1.2.3 
[14:54:07] [Server thread/ERROR]: #!#! We could not identify which of those are specially related, so this might also be Skript issue.
[14:54:07] [Server thread/ERROR]: #!#! You should try disabling those plugins one by one, trying to find which one causes it.
[14:54:07] [Server thread/ERROR]: #!#! If the error doesn't disappear even after disabling all listed plugins, it is probably Skript issue.
[14:54:07] [Server thread/ERROR]: #!#! In that case, you will be given instruction on how should you report it.
[14:54:07] [Server thread/ERROR]: #!#! On the other hand, if the error disappears when disabling some plugin, report it to author of that plugin.
[14:54:07] [Server thread/ERROR]: #!#! Only if the author tells you to do so, report it to Skript's issue tracker.
[14:54:07] [Server thread/ERROR]: #!#! 
[14:54:07] [Server thread/ERROR]: #!#! Stack trace:
[14:54:07] [Server thread/ERROR]: #!#! java.lang.NullPointerException
[14:54:07] [Server thread/ERROR]: #!#!     at me.sashie.skriptyaml.utils.yaml.YAMLProcessor.recursiveCommentSearch(YAMLProcessor.java:225)
[14:54:07] [Server thread/ERROR]: #!#!     at me.sashie.skriptyaml.utils.yaml.YAMLProcessor.recursiveCommentSearch(YAMLProcessor.java:223)
[14:54:07] [Server thread/ERROR]: #!#!     at me.sashie.skriptyaml.utils.yaml.YAMLProcessor.recursiveCommentSearch(YAMLProcessor.java:223)
[14:54:07] [Server thread/ERROR]: #!#!     at me.sashie.skriptyaml.utils.yaml.YAMLProcessor.recursiveCommentSearch(YAMLProcessor.java:223)
[14:54:07] [Server thread/ERROR]: #!#!     at me.sashie.skriptyaml.utils.yaml.YAMLProcessor.load(YAMLProcessor.java:178)
[14:54:07] [Server thread/ERROR]: #!#!     at me.sashie.skriptyaml.skript.EffLoadYaml.load(EffLoadYaml.java:97)
[14:54:07] [Server thread/ERROR]: #!#!     at me.sashie.skriptyaml.skript.EffLoadYaml.execute(EffLoadYaml.java:62)
[14:54:07] [Server thread/ERROR]: #!#!     at ch.njol.skript.lang.Effect.run(Effect.java:51)
[14:54:07] [Server thread/ERROR]: #!#!     at ch.njol.skript.lang.TriggerItem.walk(TriggerItem.java:60)
[14:54:07] [Server thread/ERROR]: #!#!     at ch.njol.skript.lang.TriggerItem.walk(TriggerItem.java:88)
[14:54:07] [Server thread/ERROR]: #!#!     at ch.njol.skript.lang.Trigger.execute(Trigger.java:56)
[14:54:07] [Server thread/ERROR]: #!#!     at ch.njol.skript.lang.function.ScriptFunction.execute(ScriptFunction.java:89)
[14:54:07] [Server thread/ERROR]: #!#!     at ch.njol.skript.lang.function.Function.execute(Function.java:135)
[14:54:07] [Server thread/ERROR]: #!#!     at ch.njol.skript.lang.function.FunctionReference.execute(FunctionReference.java:265)
[14:54:07] [Server thread/ERROR]: #!#!     at ch.njol.skript.lang.function.EffFunctionCall.execute(EffFunctionCall.java:52)
[14:54:07] [Server thread/ERROR]: #!#!     at ch.njol.skript.lang.Effect.run(Effect.java:51)
[14:54:07] [Server thread/ERROR]: #!#!     at ch.njol.skript.lang.TriggerItem.walk(TriggerItem.java:60)
[14:54:07] [Server thread/ERROR]: #!#!     at ch.njol.skript.lang.TriggerItem.walk(TriggerItem.java:88)
[14:54:07] [Server thread/ERROR]: #!#!     at ch.njol.skript.lang.Trigger.execute(Trigger.java:56)
[14:54:07] [Server thread/ERROR]: #!#!     at ch.njol.skript.lang.function.ScriptFunction.execute(ScriptFunction.java:89)
[14:54:07] [Server thread/ERROR]: #!#!     at ch.njol.skript.lang.function.Function.execute(Function.java:135)
[14:54:07] [Server thread/ERROR]: #!#!     at ch.njol.skript.lang.function.FunctionReference.execute(FunctionReference.java:265)
[14:54:07] [Server thread/ERROR]: #!#!     at ch.njol.skript.lang.function.EffFunctionCall.execute(EffFunctionCall.java:52)
[14:54:07] [Server thread/ERROR]: #!#!     at ch.njol.skript.lang.Effect.run(Effect.java:51)
[14:54:07] [Server thread/ERROR]: #!#!     at ch.njol.skript.lang.TriggerItem.walk(TriggerItem.java:60)
[14:54:07] [Server thread/ERROR]: #!#!     at ch.njol.skript.lang.TriggerItem.walk(TriggerItem.java:88)
[14:54:07] [Server thread/ERROR]: #!#!     at ch.njol.skript.effects.Delay$1.run(Delay.java:108)
[14:54:07] [Server thread/ERROR]: #!#!     at org.bukkit.craftbukkit.v1_16_R3.scheduler.CraftTask.run(CraftTask.java:99)
[14:54:07] [Server thread/ERROR]: #!#!     at org.bukkit.craftbukkit.v1_16_R3.scheduler.CraftScheduler.mainThreadHeartbeat(CraftScheduler.java:468)
[14:54:07] [Server thread/ERROR]: #!#!     at net.minecraft.server.v1_16_R3.MinecraftServer.b(MinecraftServer.java:1293)
[14:54:07] [Server thread/ERROR]: #!#!     at net.minecraft.server.v1_16_R3.DedicatedServer.b(DedicatedServer.java:377)
[14:54:07] [Server thread/ERROR]: #!#!     at net.minecraft.server.v1_16_R3.MinecraftServer.a(MinecraftServer.java:1208)
[14:54:07] [Server thread/ERROR]: #!#!     at net.minecraft.server.v1_16_R3.MinecraftServer.w(MinecraftServer.java:996)
[14:54:07] [Server thread/ERROR]: #!#!     at net.minecraft.server.v1_16_R3.MinecraftServer.lambda$a$0(MinecraftServer.java:173)
[14:54:07] [Server thread/ERROR]: #!#!     at java.base/java.lang.Thread.run(Thread.java:829)
[14:54:07] [Server thread/ERROR]: #!#! 
[14:54:07] [Server thread/ERROR]: #!#! Version Information:
[14:54:07] [Server thread/ERROR]: #!#!   Skript: 2.5.3 (latest)
[14:54:07] [Server thread/ERROR]: #!#!     Flavor: skriptlang-github
[14:54:07] [Server thread/ERROR]: #!#!     Date: 2020-12-11
[14:54:07] [Server thread/ERROR]: #!#!   Bukkit: 1.16.5-R0.1-SNAPSHOT
[14:54:07] [Server thread/ERROR]: #!#!   Minecraft: 1.16.5
[14:54:07] [Server thread/ERROR]: #!#!   Java: 11.0.11 (OpenJDK 64-Bit Server VM 11.0.11+9-Ubuntu-0ubuntu2.20.04)
[14:54:07] [Server thread/ERROR]: #!#!   OS: Linux aarch64 5.8.0-1037-oracle
[14:54:07] [Server thread/ERROR]: #!#! 
[14:54:07] [Server thread/ERROR]: #!#! Server platform: Paper
[14:54:07] [Server thread/ERROR]: #!#! 
[14:54:07] [Server thread/ERROR]: #!#! Current node: null
[14:54:07] [Server thread/ERROR]: #!#! Current item: [re]load yaml "/plugins/Terminals/config.yml" as "terminals-config"
[14:54:07] [Server thread/ERROR]: #!#! Current trigger: function loadTerminalViewWorkers (simple event) (Terminal.sk, line -1)
[14:54:07] [Server thread/ERROR]: #!#! 
[14:54:07] [Server thread/ERROR]: #!#! Thread: Server thread
[14:54:07] [Server thread/ERROR]: #!#! 
[14:54:07] [Server thread/ERROR]: #!#! Language: english
[14:54:07] [Server thread/ERROR]: #!#! Link parse mode: STRICT
[14:54:07] [Server thread/ERROR]: #!#! 
[14:54:07] [Server thread/ERROR]: #!#! End of Error.
[14:54:07] [Server thread/ERROR]: #!#! 
[14:54:09] [Server thread/ERROR]: #!#! 
[14:54:09] [Server thread/ERROR]: #!#! [Skript] Severe Error:
[14:54:09] [Server thread/ERROR]: #!#! 
[14:54:09] [Server thread/ERROR]: #!#! Something went horribly wrong with Skript.
[14:54:09] [Server thread/ERROR]: #!#! This issue is NOT your fault! You probably can't fix it yourself, either.
[14:54:09] [Server thread/ERROR]: #!#! It looks like you are using some plugin(s) that alter how Skript works (addons).
[14:54:09] [Server thread/ERROR]: #!#! Here is full list of them:
[14:54:09] [Server thread/ERROR]: #!#! SkriptJSON v1.0.0 skript-reflect v2.1.0 (https://github.com/TPGamesNL/skript-reflect) TuSKe v1.8.2-Pikachu-Patch-3 (github.com/Tuke-Nuke/TuSKe) DiSky v1.13 (https://disky.itsthesky.info/) skript-holo v1.0.2 (https://github.com/Blueyescat/skript-holo) SkBee v1.10.2 (https://github.com/ShaneBeee/SkBee) skript-yaml v1.3.2 SkQuery v4.1.3 Skellett v1.9.11 (https://forums.skunity.com/resources/skellett.24/) Reqn v1.2.3 
[14:54:09] [Server thread/ERROR]: #!#! We could not identify which of those are specially related, so this might also be Skript issue.
[14:54:09] [Server thread/ERROR]: #!#! You should try disabling those plugins one by one, trying to find which one causes it.
[14:54:09] [Server thread/ERROR]: #!#! If the error doesn't disappear even after disabling all listed plugins, it is probably Skript issue.
[14:54:09] [Server thread/ERROR]: #!#! In that case, you will be given instruction on how should you report it.
[14:54:09] [Server thread/ERROR]: #!#! On the other hand, if the error disappears when disabling some plugin, report it to author of that plugin.
[14:54:09] [Server thread/ERROR]: #!#! Only if the author tells you to do so, report it to Skript's issue tracker.
[14:54:09] [Server thread/ERROR]: #!#! 
[14:54:09] [Server thread/ERROR]: #!#! Stack trace:
[14:54:09] [Server thread/ERROR]: #!#! java.lang.NullPointerException
[14:54:09] [Server thread/ERROR]: #!#!     at me.sashie.skriptyaml.utils.yaml.YAMLProcessor.recursiveCommentSearch(YAMLProcessor.java:225)
[14:54:09] [Server thread/ERROR]: #!#!     at me.sashie.skriptyaml.utils.yaml.YAMLProcessor.recursiveCommentSearch(YAMLProcessor.java:223)
[14:54:09] [Server thread/ERROR]: #!#!     at me.sashie.skriptyaml.utils.yaml.YAMLProcessor.recursiveCommentSearch(YAMLProcessor.java:223)
[14:54:09] [Server thread/ERROR]: #!#!     at me.sashie.skriptyaml.utils.yaml.YAMLProcessor.recursiveCommentSearch(YAMLProcessor.java:223)
[14:54:09] [Server thread/ERROR]: #!#!     at me.sashie.skriptyaml.utils.yaml.YAMLProcessor.load(YAMLProcessor.java:178)
[14:54:09] [Server thread/ERROR]: #!#!     at me.sashie.skriptyaml.skript.EffLoadYaml.load(EffLoadYaml.java:97)
[14:54:09] [Server thread/ERROR]: #!#!     at me.sashie.skriptyaml.skript.EffLoadYaml.execute(EffLoadYaml.java:62)
[14:54:09] [Server thread/ERROR]: #!#!     at ch.njol.skript.lang.Effect.run(Effect.java:51)
[14:54:09] [Server thread/ERROR]: #!#!     at ch.njol.skript.lang.TriggerItem.walk(TriggerItem.java:60)
[14:54:09] [Server thread/ERROR]: #!#!     at ch.njol.skript.lang.TriggerItem.walk(TriggerItem.java:88)
[14:54:09] [Server thread/ERROR]: #!#!     at ch.njol.skript.lang.Trigger.execute(Trigger.java:56)
[14:54:09] [Server thread/ERROR]: #!#!     at ch.njol.skript.lang.function.ScriptFunction.execute(ScriptFunction.java:89)
[14:54:09] [Server thread/ERROR]: #!#!     at ch.njol.skript.lang.function.Function.execute(Function.java:135)
[14:54:09] [Server thread/ERROR]: #!#!     at ch.njol.skript.lang.function.FunctionReference.execute(FunctionReference.java:265)
[14:54:09] [Server thread/ERROR]: #!#!     at ch.njol.skript.lang.function.EffFunctionCall.execute(EffFunctionCall.java:52)
[14:54:09] [Server thread/ERROR]: #!#!     at ch.njol.skript.lang.Effect.run(Effect.java:51)
[14:54:09] [Server thread/ERROR]: #!#!     at ch.njol.skript.lang.TriggerItem.walk(TriggerItem.java:60)
[14:54:09] [Server thread/ERROR]: #!#!     at ch.njol.skript.lang.TriggerItem.walk(TriggerItem.java:88)
[14:54:09] [Server thread/ERROR]: #!#!     at ch.njol.skript.lang.Trigger.execute(Trigger.java:56)
[14:54:09] [Server thread/ERROR]: #!#!     at ch.njol.skript.lang.function.ScriptFunction.execute(ScriptFunction.java:89)
[14:54:09] [Server thread/ERROR]: #!#!     at ch.njol.skript.lang.function.Function.execute(Function.java:135)
[14:54:09] [Server thread/ERROR]: #!#!     at ch.njol.skript.lang.function.FunctionReference.execute(FunctionReference.java:265)
[14:54:09] [Server thread/ERROR]: #!#!     at ch.njol.skript.lang.function.EffFunctionCall.execute(EffFunctionCall.java:52)
[14:54:09] [Server thread/ERROR]: #!#!     at ch.njol.skript.lang.Effect.run(Effect.java:51)
[14:54:09] [Server thread/ERROR]: #!#!     at ch.njol.skript.lang.TriggerItem.walk(TriggerItem.java:60)
[14:54:09] [Server thread/ERROR]: #!#!     at ch.njol.skript.lang.TriggerItem.walk(TriggerItem.java:88)
[14:54:09] [Server thread/ERROR]: #!#!     at ch.njol.skript.effects.Delay$1.run(Delay.java:108)
[14:54:09] [Server thread/ERROR]: #!#!     at org.bukkit.craftbukkit.v1_16_R3.scheduler.CraftTask.run(CraftTask.java:99)
[14:54:09] [Server thread/ERROR]: #!#!     at org.bukkit.craftbukkit.v1_16_R3.scheduler.CraftScheduler.mainThreadHeartbeat(CraftScheduler.java:468)
[14:54:09] [Server thread/ERROR]: #!#!     at net.minecraft.server.v1_16_R3.MinecraftServer.b(MinecraftServer.java:1293)
[14:54:09] [Server thread/ERROR]: #!#!     at net.minecraft.server.v1_16_R3.DedicatedServer.b(DedicatedServer.java:377)
[14:54:09] [Server thread/ERROR]: #!#!     at net.minecraft.server.v1_16_R3.MinecraftServer.a(MinecraftServer.java:1208)
[14:54:09] [Server thread/ERROR]: #!#!     at net.minecraft.server.v1_16_R3.MinecraftServer.w(MinecraftServer.java:996)
[14:54:09] [Server thread/ERROR]: #!#!     at net.minecraft.server.v1_16_R3.MinecraftServer.lambda$a$0(MinecraftServer.java:173)
[14:54:09] [Server thread/ERROR]: #!#!     at java.base/java.lang.Thread.run(Thread.java:829)
[14:54:09] [Server thread/ERROR]: #!#! 
[14:54:09] [Server thread/ERROR]: #!#! Version Information:
[14:54:09] [Server thread/ERROR]: #!#!   Skript: 2.5.3 (latest)
[14:54:09] [Server thread/ERROR]: #!#!     Flavor: skriptlang-github
[14:54:09] [Server thread/ERROR]: #!#!     Date: 2020-12-11
[14:54:09] [Server thread/ERROR]: #!#!   Bukkit: 1.16.5-R0.1-SNAPSHOT
[14:54:09] [Server thread/ERROR]: #!#!   Minecraft: 1.16.5
[14:54:09] [Server thread/ERROR]: #!#!   Java: 11.0.11 (OpenJDK 64-Bit Server VM 11.0.11+9-Ubuntu-0ubuntu2.20.04)
[14:54:09] [Server thread/ERROR]: #!#!   OS: Linux aarch64 5.8.0-1037-oracle
[14:54:09] [Server thread/ERROR]: #!#! 
[14:54:09] [Server thread/ERROR]: #!#! Server platform: Paper
[14:54:09] [Server thread/ERROR]: #!#! 
[14:54:09] [Server thread/ERROR]: #!#! Current node: null
[14:54:09] [Server thread/ERROR]: #!#! Current item: [re]load yaml "/plugins/Terminals/config.yml" as "terminals-config"
[14:54:09] [Server thread/ERROR]: #!#! Current trigger: function loadTerminalViewWorkers (simple event) (Terminal.sk, line -1)
[14:54:09] [Server thread/ERROR]: #!#! 
[14:54:09] [Server thread/ERROR]: #!#! Thread: Server thread
[14:54:09] [Server thread/ERROR]: #!#! 
[14:54:09] [Server thread/ERROR]: #!#! Language: english
[14:54:09] [Server thread/ERROR]: #!#! Link parse mode: STRICT
[14:54:09] [Server thread/ERROR]: #!#! 
[14:54:09] [Server thread/ERROR]: #!#! End of Error.
[14:54:09] [Server thread/ERROR]: #!#! 
[14:54:13] [Server thread/INFO]: Voyaje issued server command: /me почесал затылок
[14:54:13] [Server thread/INFO]: Voyaje [d5c22930-ff45-34b4-8c2d-08a1afd136cc]: /me почесал затылок
[14:54:17] [Server thread/INFO]: Voyaje issued server command: /ooc
[14:54:17] [Server thread/INFO]: Voyaje [d5c22930-ff45-34b4-8c2d-08a1afd136cc]: /ooc
[14:54:19] [Server thread/INFO]: Voyaje issued server command: /me почесал затылок
[14:54:19] [Server thread/INFO]: Voyaje [d5c22930-ff45-34b4-8c2d-08a1afd136cc]: /me почесал затылок
[14:54:23] [Server thread/INFO]: Voyaje issued server command: /rp
[14:54:23] [Server thread/INFO]: Voyaje [d5c22930-ff45-34b4-8c2d-08a1afd136cc]: /rp
[14:54:24] [Server thread/INFO]: Voyaje issued server command: /me почесал затылок
[14:54:24] [Server thread/INFO]: Voyaje [d5c22930-ff45-34b4-8c2d-08a1afd136cc]: /me почесал затылок
[14:54:24] [Server thread/WARN]: [skript-yaml] No yaml by the name 'player-dcb5fa28-6a93-27b0-8dc0-a082b079fac9' has been loaded
[14:54:24] [Server thread/WARN]: [skript-yaml] No yaml by the name 'player-dcb5fa28-6a93-27b0-8dc0-a082b079fac9' has been loaded
[14:54:24] [Server thread/WARN]: [skript-yaml] No yaml by the name 'player-dcb5fa28-6a93-27b0-8dc0-a082b079fac9' has been loaded
[14:54:24] [Server thread/WARN]: [skript-yaml] No yaml by the name 'player-dcb5fa28-6a93-27b0-8dc0-a082b079fac9' has been loaded
[14:54:24] [Craft Scheduler Thread - 41/ERROR]: [SkinsRestorer] Outdated ViaVersion found! Please update to at least ViaVersion 4.0.0 for SkinsRestorer to work again!
[14:54:32] [Server thread/INFO]: Voyaje issued server command: /roll
[14:54:32] [Server thread/INFO]: Voyaje [d5c22930-ff45-34b4-8c2d-08a1afd136cc]: /roll
[14:54:59] [Server thread/INFO]: Dogleash issued server command: /test4
[14:54:59] [Server thread/INFO]: Dogleash [f1e8d4d0-54b9-3d56-b5d0-3ae953b8752f]: /test4
[14:55:13] [Server thread/INFO]: Voyaje issued server command: /items
[14:55:13] [Server thread/INFO]: Voyaje [d5c22930-ff45-34b4-8c2d-08a1afd136cc]: /items
[14:55:18] [Server thread/INFO]: Voyaje issued server command: /items
[14:55:18] [Server thread/INFO]: Voyaje [d5c22930-ff45-34b4-8c2d-08a1afd136cc]: /items
[14:55:24] [Craft Scheduler Thread - 47/ERROR]: [SkinsRestorer] Outdated ViaVersion found! Please update to at least ViaVersion 4.0.0 for SkinsRestorer to work again!
[14:55:26] [Server thread/INFO]: Voyaje issued server command: /items
[14:55:26] [Server thread/INFO]: Voyaje [d5c22930-ff45-34b4-8c2d-08a1afd136cc]: /items
[14:55:40] [Server thread/INFO]: Dogleash lost connection: Disconnected
[14:55:40] [Server thread/WARN]: [skript-yaml] No yaml by the name 'player-f1e8d4d0-54b9-3d56-b5d0-3ae953b8752f' has been loaded
[14:55:40] [Server thread/WARN]: [skript-yaml] No yaml by the name 'player-f1e8d4d0-54b9-3d56-b5d0-3ae953b8752f' has been loaded
[14:55:41] [User Authenticator #5/INFO]: UUID of player Dogleash is f1e8d4d0-54b9-3d56-b5d0-3ae953b8752f
[14:55:41] [Server thread/INFO]: Dogleash[/46.39.86.156:42290] logged in with entity id 1771 at ([lobby]-15.0, 4.0, -195.5)
[14:56:05] [Craft Scheduler Thread - 52/INFO]: Error: <none> is not a valid username or URL.
[14:56:05] [Server thread/INFO]: Unknown Command, please type /skin
[14:56:18] [Server thread/INFO]: Voyaje issued server command: /gamemode creative
[14:56:18] [Server thread/INFO]: [Voyaje: Set own game mode to Creative Mode]
[14:56:18] [Server thread/ERROR]: #!#! 
[14:56:18] [Server thread/ERROR]: #!#! [Skript] Severe Error:
[14:56:18] [Server thread/ERROR]: #!#! 
[14:56:18] [Server thread/ERROR]: #!#! Something went horribly wrong with Skript.
[14:56:18] [Server thread/ERROR]: #!#! This issue is NOT your fault! You probably can't fix it yourself, either.
[14:56:18] [Server thread/ERROR]: #!#! It looks like you are using some plugin(s) that alter how Skript works (addons).
[14:56:18] [Server thread/ERROR]: #!#! Here is full list of them:
[14:56:18] [Server thread/ERROR]: #!#! SkriptJSON v1.0.0 skript-reflect v2.1.0 (https://github.com/TPGamesNL/skript-reflect) TuSKe v1.8.2-Pikachu-Patch-3 (github.com/Tuke-Nuke/TuSKe) DiSky v1.13 (https://disky.itsthesky.info/) skript-holo v1.0.2 (https://github.com/Blueyescat/skript-holo) SkBee v1.10.2 (https://github.com/ShaneBeee/SkBee) skript-yaml v1.3.2 SkQuery v4.1.3 Skellett v1.9.11 (https://forums.skunity.com/resources/skellett.24/) Reqn v1.2.3 
[14:56:18] [Server thread/ERROR]: #!#! We could not identify which of those are specially related, so this might also be Skript issue.
[14:56:18] [Server thread/ERROR]: #!#! You should try disabling those plugins one by one, trying to find which one causes it.
[14:56:18] [Server thread/ERROR]: #!#! If the error doesn't disappear even after disabling all listed plugins, it is probably Skript issue.
[14:56:18] [Server thread/ERROR]: #!#! In that case, you will be given instruction on how should you report it.
[14:56:18] [Server thread/ERROR]: #!#! On the other hand, if the error disappears when disabling some plugin, report it to author of that plugin.
[14:56:18] [Server thread/ERROR]: #!#! Only if the author tells you to do so, report it to Skript's issue tracker.
[14:56:18] [Server thread/ERROR]: #!#! 
[14:56:18] [Server thread/ERROR]: #!#! Stack trace:
[14:56:18] [Server thread/ERROR]: #!#! java.lang.NullPointerException
[14:56:18] [Server thread/ERROR]: #!#!     at me.sashie.skriptyaml.utils.yaml.YAMLProcessor.recursiveCommentSearch(YAMLProcessor.java:225)
[14:56:18] [Server thread/ERROR]: #!#!     at me.sashie.skriptyaml.utils.yaml.YAMLProcessor.recursiveCommentSearch(YAMLProcessor.java:223)
[14:56:18] [Server thread/ERROR]: #!#!     at me.sashie.skriptyaml.utils.yaml.YAMLProcessor.recursiveCommentSearch(YAMLProcessor.java:223)
[14:56:18] [Server thread/ERROR]: #!#!     at me.sashie.skriptyaml.utils.yaml.YAMLProcessor.recursiveCommentSearch(YAMLProcessor.java:223)
[14:56:18] [Server thread/ERROR]: #!#!     at me.sashie.skriptyaml.utils.yaml.YAMLProcessor.load(YAMLProcessor.java:178)
[14:56:18] [Server thread/ERROR]: #!#!     at me.sashie.skriptyaml.skript.EffLoadYaml.load(EffLoadYaml.java:97)
[14:56:18] [Server thread/ERROR]: #!#!     at me.sashie.skriptyaml.skript.EffLoadYaml.execute(EffLoadYaml.java:62)
[14:56:18] [Server thread/ERROR]: #!#!     at ch.njol.skript.lang.Effect.run(Effect.java:51)
[14:56:18] [Server thread/ERROR]: #!#!     at ch.njol.skript.lang.TriggerItem.walk(TriggerItem.java:60)
[14:56:18] [Server thread/ERROR]: #!#!     at ch.njol.skript.lang.TriggerItem.walk(TriggerItem.java:88)
[14:56:18] [Server thread/ERROR]: #!#!     at ch.njol.skript.lang.Trigger.execute(Trigger.java:56)
[14:56:18] [Server thread/ERROR]: #!#!     at ch.njol.skript.lang.function.ScriptFunction.execute(ScriptFunction.java:89)
[14:56:18] [Server thread/ERROR]: #!#!     at ch.njol.skript.lang.function.Function.execute(Function.java:135)
[14:56:18] [Server thread/ERROR]: #!#!     at ch.njol.skript.lang.function.FunctionReference.execute(FunctionReference.java:265)
[14:56:18] [Server thread/ERROR]: #!#!     at ch.njol.skript.lang.function.EffFunctionCall.execute(EffFunctionCall.java:52)
[14:56:18] [Server thread/ERROR]: #!#!     at ch.njol.skript.lang.Effect.run(Effect.java:51)
[14:56:18] [Server thread/ERROR]: #!#!     at ch.njol.skript.lang.TriggerItem.walk(TriggerItem.java:60)
[14:56:18] [Server thread/ERROR]: #!#!     at ch.njol.skript.lang.TriggerItem.walk(TriggerItem.java:88)
[14:56:18] [Server thread/ERROR]: #!#!     at ch.njol.skript.lang.Trigger.execute(Trigger.java:56)
[14:56:18] [Server thread/ERROR]: #!#!     at ch.njol.skript.lang.function.ScriptFunction.execute(ScriptFunction.java:89)
[14:56:18] [Server thread/ERROR]: #!#!     at ch.njol.skript.lang.function.Function.execute(Function.java:135)
[14:56:18] [Server thread/ERROR]: #!#!     at ch.njol.skript.lang.function.FunctionReference.execute(FunctionReference.java:265)
[14:56:18] [Server thread/ERROR]: #!#!     at ch.njol.skript.lang.function.EffFunctionCall.execute(EffFunctionCall.java:52)
[14:56:18] [Server thread/ERROR]: #!#!     at ch.njol.skript.lang.Effect.run(Effect.java:51)
[14:56:18] [Server thread/ERROR]: #!#!     at ch.njol.skript.lang.TriggerItem.walk(TriggerItem.java:60)
[14:56:18] [Server thread/ERROR]: #!#!     at ch.njol.skript.lang.TriggerItem.walk(TriggerItem.java:88)
[14:56:18] [Server thread/ERROR]: #!#!     at ch.njol.skript.effects.Delay$1.run(Delay.java:108)
[14:56:18] [Server thread/ERROR]: #!#!     at org.bukkit.craftbukkit.v1_16_R3.scheduler.CraftTask.run(CraftTask.java:99)
[14:56:18] [Server thread/ERROR]: #!#!     at org.bukkit.craftbukkit.v1_16_R3.scheduler.CraftScheduler.mainThreadHeartbeat(CraftScheduler.java:468)
[14:56:18] [Server thread/ERROR]: #!#!     at net.minecraft.server.v1_16_R3.MinecraftServer.b(MinecraftServer.java:1293)
[14:56:18] [Server thread/ERROR]: #!#!     at net.minecraft.server.v1_16_R3.DedicatedServer.b(DedicatedServer.java:377)
[14:56:18] [Server thread/ERROR]: #!#!     at net.minecraft.server.v1_16_R3.MinecraftServer.a(MinecraftServer.java:1208)
[14:56:18] [Server thread/ERROR]: #!#!     at net.minecraft.server.v1_16_R3.MinecraftServer.w(MinecraftServer.java:996)
[14:56:18] [Server thread/ERROR]: #!#!     at net.minecraft.server.v1_16_R3.MinecraftServer.lambda$a$0(MinecraftServer.java:173)
[14:56:18] [Server thread/ERROR]: #!#!     at java.base/java.lang.Thread.run(Thread.java:829)
[14:56:18] [Server thread/ERROR]: #!#! 
[14:56:18] [Server thread/ERROR]: #!#! Version Information:
[14:56:18] [Server thread/ERROR]: #!#!   Skript: 2.5.3 (latest)
[14:56:18] [Server thread/ERROR]: #!#!     Flavor: skriptlang-github
[14:56:18] [Server thread/ERROR]: #!#!     Date: 2020-12-11
[14:56:18] [Server thread/ERROR]: #!#!   Bukkit: 1.16.5-R0.1-SNAPSHOT
[14:56:18] [Server thread/ERROR]: #!#!   Minecraft: 1.16.5
[14:56:18] [Server thread/ERROR]: #!#!   Java: 11.0.11 (OpenJDK 64-Bit Server VM 11.0.11+9-Ubuntu-0ubuntu2.20.04)
[14:56:18] [Server thread/ERROR]: #!#!   OS: Linux aarch64 5.8.0-1037-oracle
[14:56:18] [Server thread/ERROR]: #!#! 
[14:56:18] [Server thread/ERROR]: #!#! Server platform: Paper
[14:56:18] [Server thread/ERROR]: #!#! 
[14:56:18] [Server thread/ERROR]: #!#! Current node: null
[14:56:18] [Server thread/ERROR]: #!#! Current item: [re]load yaml "/plugins/Terminals/config.yml" as "terminals-config"
[14:56:18] [Server thread/ERROR]: #!#! Current trigger: function loadTerminalViewWorkers (simple event) (Terminal.sk, line -1)
[14:56:18] [Server thread/ERROR]: #!#! 
[14:56:18] [Server thread/ERROR]: #!#! Thread: Server thread
[14:56:18] [Server thread/ERROR]: #!#! 
[14:56:18] [Server thread/ERROR]: #!#! Language: english
[14:56:18] [Server thread/ERROR]: #!#! Link parse mode: STRICT
[14:56:18] [Server thread/ERROR]: #!#! 
[14:56:18] [Server thread/ERROR]: #!#! End of Error.
[14:56:18] [Server thread/ERROR]: #!#! 
[14:56:24] [Craft Scheduler Thread - 53/ERROR]: [SkinsRestorer] Outdated ViaVersion found! Please update to at least ViaVersion 4.0.0 for SkinsRestorer to work again!
[14:56:24] [Server thread/INFO]: Voyaje issued server command: /hd list
[14:56:39] [Server thread/INFO]: Voyaje issued server command: /hd remove terminal-01
[14:56:41] [Server thread/INFO]: Voyaje issued server command: /hd remove terminal-02
[14:56:42] [Server thread/INFO]: Voyaje issued server command: /hd remove terminal-03
[14:56:43] [Server thread/INFO]: Voyaje issued server command: /hd remove terminal-04
[14:57:24] [Craft Scheduler Thread - 59/ERROR]: [SkinsRestorer] Outdated ViaVersion found! Please update to at least ViaVersion 4.0.0 for SkinsRestorer to work again!
[14:57:30] [Server thread/INFO]: Stopping the server
[14:57:30] [Server thread/INFO]: Stopping server
[14:57:30] [Server thread/INFO]: [TuSKe] Disabling TuSKe v1.8.2-Pikachu-Patch-3
[14:57:30] [Server thread/INFO]: [Skellett] Disabling Skellett v1.9.11
[14:57:30] [Server thread/INFO]: [skript-holo] Disabling skript-holo v1.0.2
[14:57:30] [Server thread/INFO]: [HolographicDisplays] Disabling HolographicDisplays v2.4.6
[14:57:30] [Server thread/INFO]: [SkQuery] Disabling SkQuery v4.1.3
[14:57:30] [Server thread/INFO]: [MorkazSk] Disabling MorkazSk v1.2
[14:57:30] [Server thread/INFO]: [36;22m[MorkazSk] [33;22mPlugin disabled![0m
[14:57:30] [Server thread/INFO]: [skript-yaml] Disabling skript-yaml v1.3.2
[14:57:30] [Server thread/INFO]: [skript-reflect] Disabling skript-reflect v2.1.0
[14:57:30] [Server thread/INFO]: [ProtectionLib] Disabling ProtectionLib v0.9.9
[14:57:30] [Server thread/INFO]: [SkBee] Disabling SkBee v1.10.2
[14:57:30] [Server thread/INFO]: [FastAsyncWorldEdit] Disabling FastAsyncWorldEdit v1.16-578;16f72d1
[14:57:30] [Server thread/INFO]: Unregistering com.sk89q.worldedit.bukkit.BukkitServerInterface from WorldEdit
[14:57:30] [Server thread/INFO]: [Citizens] Disabling Citizens v2.0.27-SNAPSHOT (build 2247)
[14:57:30] [Server thread/INFO]: [SkinsRestorer] Disabling SkinsRestorer v14.1.1
[14:57:30] [Server thread/INFO]: [ProtocolLib] Disabling ProtocolLib v4.6.0-SNAPSHOT-b493
[14:57:30] [Server thread/INFO]: [Multiverse-Core] Disabling Multiverse-Core v4.2.2-b812
[14:57:30] [Server thread/INFO]: [SkriptJSON] Disabling SkriptJSON v1.0.0
[14:57:30] [Server thread/INFO]: [Reqn] Disabling Reqn v1.2.3
[14:57:30] [Server thread/INFO]: [DiSky] Disabling DiSky v1.13
[14:57:30] [Server thread/WARN]: [DiSky] The bot 'AuthBot' has been disconnected!
[14:57:30] [Server thread/INFO]: [Skript] Disabling Skript v2.5.3
[14:57:30] [Skript variable save thread/WARN]: [Skript] Cannot write variables to the database 'default' at sufficient speed; server performance may suffer and many variables will be lost if the server crashes. (this warning will be repeated at most once every 10 seconds)
[14:57:30] [Skript variable save thread/ERROR]: [Skript] Skript cannot save any variables to the database 'default'. The server will hang and may crash if no more variables can be saved.
[14:57:30] [Server thread/INFO]: [ViaBackwards] Disabling ViaBackwards v3.2.0
[14:57:30] [Server thread/INFO]: [Vault] Disabling Vault v1.7.3-b131
[14:57:30] [Server thread/INFO]: [ViaVersion] Disabling ViaVersion v3.2.1
[14:57:30] [Server thread/INFO]: [ViaVersion] ViaVersion is disabling, if this is a reload and you experience issues consider rebooting.
[14:57:30] [Server thread/INFO]: [HideNametags] Disabling HideNametags v1.3
[14:57:30] [Server thread/INFO]: [SimpleLay] Disabling SimpleLay v1.0.10
[14:57:30] [Server thread/INFO]: [skript-npc] Disabling skript-npc v0.1.2
[14:57:30] [Server thread/INFO]: Saving players
[14:57:30] [Server thread/INFO]: Voyaje lost connection: Server closed
[14:57:30] [Server thread/INFO]: Voyaje left the game
[14:57:30] [Server thread/INFO]: Dogleash lost connection: Server closed
[14:57:30] [Server thread/INFO]: Dogleash left the game
[14:57:30] [Server thread/INFO]: Saving worlds
[14:57:30] [Server thread/INFO]: Saving chunks for level 'ServerLevel[world]'/minecraft:overworld
[14:57:30] [Server thread/INFO]: ThreadedAnvilChunkStorage (world): All chunks are saved
[14:57:30] [Server thread/INFO]: Saving chunks for level 'ServerLevel[lobby]'/minecraft:lobby
[14:57:30] [Server thread/INFO]: ThreadedAnvilChunkStorage (lobby): All chunks are saved
[14:57:30] [Server thread/INFO]: Saving chunks for level 'ServerLevel[tutorials]'/minecraft:tutorials
[14:57:30] [Server thread/INFO]: ThreadedAnvilChunkStorage (tutorials): All chunks are saved
[14:57:30] [Server thread/INFO]: Saving chunks for level 'ServerLevel[trees]'/minecraft:trees
[14:57:30] [Server thread/INFO]: ThreadedAnvilChunkStorage (trees): All chunks are saved
[14:57:30] [Server thread/INFO]: ThreadedAnvilChunkStorage (world): All chunks are saved
[14:57:30] [Server thread/INFO]: ThreadedAnvilChunkStorage (lobby): All chunks are saved
[14:57:30] [Server thread/INFO]: ThreadedAnvilChunkStorage (tutorials): All chunks are saved
[14:57:30] [Server thread/INFO]: ThreadedAnvilChunkStorage (trees): All chunks are saved
[14:57:30] [Server thread/INFO]: Flushing Chunk IO
[14:57:30] [Server thread/INFO]: Closing Thread Pool
[14:57:30] [Server thread/INFO]: Closing Server
